2024-01-21 10:47:30,447 [INFO] Activator:176 - 


2024-01-21 10:47:30,451 [INFO] Activator:177 - !SESSION log4j initialized
2024-01-21 10:47:33,027 [ERROR] LogOutputStream:75 - [STDERR_REDIRECT] 
2024-01-21 10:47:34,348 [INFO] LogOutputStream:77 - [STDOUT_REDIRECT] 
2024-01-21 10:47:35,774 [INFO] LogOutputStream:77 - [STDOUT_REDIRECT] 
2024-01-21 10:47:37,643 [INFO] ApplicationProperties:184 - Using Application install path: /Applications/STM32CubeIDE.app/Contents/Eclipse/plugins/com.st.stm32cube.common.mx_6.9.1.202307191849
2024-01-21 10:47:37,659 [INFO] DbMcusXml:78 - Set database path to: /Applications/STM32CubeIDE.app/Contents/Eclipse/plugins/com.st.stm32cube.common.mx_6.9.1.202307191849//db//mcu/
2024-01-21 10:47:37,660 [INFO] ApiDb:274 - Set plugin database path to: /Applications/STM32CubeIDE.app/Contents/Eclipse/plugins/com.st.stm32cube.common.mx_6.9.1.202307191849//db//plugins/boardmanager/
2024-01-21 10:47:37,660 [WARN] ApiDb:259 - Overriding images path with different value:  => /Applications/STM32CubeIDE.app/Contents/Eclipse/plugins/com.st.stm32cube.common.mx_6.9.1.202307191849//db//plugins/mcufinder/images/
2024-01-21 10:47:37,680 [INFO] ApiDb:250 - Set database path to: /Users/evanrobert/.stmcufinder/plugins/mcufinder//mcu/
2024-01-21 10:47:37,681 [INFO] DbMcusAds:125 - Set database path to: /Users/evanrobert/.stmcufinder/plugins/mcufinder//mcu/
2024-01-21 10:47:37,683 [INFO] CrossReferenceDbSqlite:203 - Set database path to: /Users/evanrobert/.stmcufinder/plugins/mcufinder//mcu/cs/
2024-01-21 10:47:37,813 [INFO] RulesReader:64 - Compatibility file has been processed (293 Rules)
2024-01-21 10:47:37,891 [INFO] DbMcusXml:78 - Set database path to: /Applications/STM32CubeIDE.app/Contents/Eclipse/plugins/com.st.stm32cube.common.mx_6.9.1.202307191849//db//mcu/
2024-01-21 10:47:37,891 [INFO] ApiDb:274 - Set plugin database path to: /Applications/STM32CubeIDE.app/Contents/Eclipse/plugins/com.st.stm32cube.common.mx_6.9.1.202307191849//db//plugins/boardmanager/
2024-01-21 10:47:37,891 [INFO] ApiDb:261 - Set plugin images path to: /Applications/STM32CubeIDE.app/Contents/Eclipse/plugins/com.st.stm32cube.common.mx_6.9.1.202307191849//db//plugins/mcufinder/images/
2024-01-21 10:47:37,891 [WARN] DbFile:41 - Overriding database path with different value: /Users/evanrobert/.stmcufinder/plugins/mcufinder/ => /Users/evanrobert/.stmcufinder/plugins/mcufinder
2024-01-21 10:47:37,891 [INFO] ApiDb:250 - Set database path to: /Users/evanrobert/.stmcufinder/plugins/mcufinder//mcu/
2024-01-21 10:47:37,891 [WARN] DbFile:41 - Overriding database path with different value: /Users/evanrobert/.stmcufinder/plugins/mcufinder/ => /Users/evanrobert/.stmcufinder/plugins/mcufinder
2024-01-21 10:47:37,892 [INFO] DbMcusAds:125 - Set database path to: /Users/evanrobert/.stmcufinder/plugins/mcufinder//mcu/
2024-01-21 10:47:37,892 [WARN] DbFile:41 - Overriding database path with different value: /Users/evanrobert/.stmcufinder/plugins/mcufinder/ => /Users/evanrobert/.stmcufinder/plugins/mcufinder
2024-01-21 10:47:37,892 [WARN] DbFile:41 - Overriding database path with different value: /Users/evanrobert/.stmcufinder/plugins/mcufinder/ => /Users/evanrobert/.stmcufinder/plugins/mcufinder
2024-01-21 10:47:37,892 [INFO] CrossReferenceDbSqlite:203 - Set database path to: /Users/evanrobert/.stmcufinder/plugins/mcufinder//mcu/cs/
2024-01-21 10:47:37,964 [INFO] MainPanel:262 - HeapMemory: 268435456
2024-01-21 10:47:38,043 [INFO] DbMcusXml:78 - Set database path to: /Applications/STM32CubeIDE.app/Contents/Eclipse/plugins/com.st.stm32cube.common.mx_6.9.1.202307191849//db//mcu/
2024-01-21 10:47:38,044 [INFO] ApiDb:274 - Set plugin database path to: /Applications/STM32CubeIDE.app/Contents/Eclipse/plugins/com.st.stm32cube.common.mx_6.9.1.202307191849//db//plugins/boardmanager/
2024-01-21 10:47:38,044 [INFO] ApiDb:261 - Set plugin images path to: /Applications/STM32CubeIDE.app/Contents/Eclipse/plugins/com.st.stm32cube.common.mx_6.9.1.202307191849//db//plugins/mcufinder/images/
2024-01-21 10:47:38,045 [WARN] DbFile:41 - Overriding database path with different value: /Users/evanrobert/.stmcufinder/plugins/mcufinder/ => /Users/evanrobert/.stmcufinder/plugins/mcufinder
2024-01-21 10:47:38,045 [INFO] ApiDb:250 - Set database path to: /Users/evanrobert/.stmcufinder/plugins/mcufinder//mcu/
2024-01-21 10:47:38,045 [WARN] DbFile:41 - Overriding database path with different value: /Users/evanrobert/.stmcufinder/plugins/mcufinder/ => /Users/evanrobert/.stmcufinder/plugins/mcufinder
2024-01-21 10:47:38,045 [INFO] DbMcusAds:125 - Set database path to: /Users/evanrobert/.stmcufinder/plugins/mcufinder//mcu/
2024-01-21 10:47:38,045 [WARN] DbFile:41 - Overriding database path with different value: /Users/evanrobert/.stmcufinder/plugins/mcufinder/ => /Users/evanrobert/.stmcufinder/plugins/mcufinder
2024-01-21 10:47:38,045 [WARN] DbFile:41 - Overriding database path with different value: /Users/evanrobert/.stmcufinder/plugins/mcufinder/ => /Users/evanrobert/.stmcufinder/plugins/mcufinder
2024-01-21 10:47:38,045 [INFO] CrossReferenceDbSqlite:203 - Set database path to: /Users/evanrobert/.stmcufinder/plugins/mcufinder//mcu/cs/
2024-01-21 10:47:38,068 [INFO] ApplicationProperties:184 - Using Application install path: /Applications/STM32CubeIDE.app/Contents/Eclipse/plugins/com.st.stm32cube.common.mx_6.9.1.202307191849
2024-01-21 10:47:38,070 [INFO] PluginManage:196 - Search for loadable plugins [exclusion list=, ]
2024-01-21 10:47:38,071 [INFO] PluginManage:310 - Check plugin analytics
2024-01-21 10:47:38,282 [INFO] AnalyticsPlugin:253 - Accepted Software Licenses: 
2024-01-21 10:47:38,283 [INFO] AnalyticsPlugin:255 - Accepted CMSIS Pack Licenses: 
2024-01-21 10:47:38,283 [INFO] AnalyticsPlugin:257 - Accepted Firmware Licenses: FW.F4.1.27.0
2024-01-21 10:47:38,292 [INFO] PluginManage:359 - Loaded plugin analytics (category:tool,tabindex:-1)
2024-01-21 10:47:38,295 [INFO] PluginManage:310 - Check plugin cadmodel
2024-01-21 10:47:38,705 [INFO] CADModel:105 - Init CAD model plugin
2024-01-21 10:47:38,706 [INFO] PluginManage:359 - Loaded plugin cadmodel (category:power,tabindex:5)
2024-01-21 10:47:38,707 [INFO] PluginManage:310 - Check plugin clock
2024-01-21 10:47:38,718 [INFO] PluginManage:359 - Loaded plugin clock (category:base,tabindex:2)
2024-01-21 10:47:38,719 [INFO] PluginManage:310 - Check plugin ddr
2024-01-21 10:47:38,721 [INFO] PluginManage:359 - Loaded plugin ddr (category:tool,tabindex:6)
2024-01-21 10:47:38,721 [INFO] PluginManage:310 - Check plugin filemanager
2024-01-21 10:47:38,909 [INFO] PluginManage:359 - Loaded plugin filemanager (category:base,tabindex:10)
2024-01-21 10:47:38,910 [INFO] PluginManage:310 - Check plugin ipmanager
2024-01-21 10:47:38,917 [INFO] PluginManage:359 - Loaded plugin ipmanager (category:base,tabindex:5)
2024-01-21 10:47:38,918 [INFO] PluginManage:310 - Check plugin lpbam
2024-01-21 10:47:38,927 [INFO] PluginManage:359 - Loaded plugin lpbam (category:base,tabindex:0)
2024-01-21 10:47:38,928 [INFO] PluginManage:310 - Check plugin memorymap
2024-01-21 10:47:38,937 [INFO] PluginManage:359 - Loaded plugin memorymap (category:base,tabindex:4)
2024-01-21 10:47:38,937 [INFO] PluginManage:310 - Check plugin pinoutandconfiguration
2024-01-21 10:47:38,943 [INFO] PluginManage:359 - Loaded plugin pinoutandconfiguration (category:base,tabindex:1)
2024-01-21 10:47:38,943 [INFO] PluginManage:310 - Check plugin pinoutconfig
2024-01-21 10:47:39,029 [WARN] SupportedApi:132 - Cannot load RTOS API schema: s4s-elt-must-match.1: The content of 'definitions' must match (annotation?, (simpleType | complexType)?, (unique | key | keyref)*)). A problem was found starting at: attribute.
2024-01-21 10:47:39,181 [INFO] PluginManage:359 - Loaded plugin pinoutconfig (category:base,tabindex:0)
2024-01-21 10:47:39,181 [INFO] PluginManage:310 - Check plugin power
2024-01-21 10:47:39,190 [INFO] PluginManage:359 - Loaded plugin power (category:power,tabindex:4)
2024-01-21 10:47:39,190 [INFO] PluginManage:310 - Check plugin projectmanager
2024-01-21 10:47:39,218 [INFO] PluginManage:359 - Loaded plugin projectmanager (category:projectmanager,tabindex:3)
2024-01-21 10:47:39,218 [INFO] PluginManage:310 - Check plugin thirdparty
2024-01-21 10:47:39,502 [INFO] PluginManage:359 - Loaded plugin thirdparty (category:base,tabindex:-1)
2024-01-21 10:47:39,505 [INFO] PluginManage:310 - Check plugin tools
2024-01-21 10:47:39,502 [WARN] IntegrityCheckThread:84 - waiting for thirdparty lock release [integrity check]
2024-01-21 10:47:39,507 [INFO] IntegrityCheckThread:86 - entering critical section [integrity check]
2024-01-21 10:47:39,509 [INFO] ThirdPartyUpdaterWithRetryManager:70 - Updater plugin not ready yet. [1/15]
2024-01-21 10:47:39,514 [INFO] PluginManage:359 - Loaded plugin tools (category:base,tabindex:7)
2024-01-21 10:47:39,514 [INFO] PluginManage:310 - Check plugin tutovideos
2024-01-21 10:47:39,761 [INFO] PluginManage:359 - Loaded plugin tutovideos (category:base,tabindex:-1)
2024-01-21 10:47:39,764 [INFO] PluginManage:310 - Check plugin updater
2024-01-21 10:47:39,815 [INFO] PluginManage:359 - Loaded plugin updater (category:base,tabindex:12)
2024-01-21 10:47:39,816 [INFO] PluginManage:310 - Check plugin userauth
2024-01-21 10:47:39,824 [INFO] UserAuth:113 - Init User Auth plugin
2024-01-21 10:47:39,824 [INFO] PluginManage:359 - Loaded plugin userauth (category:base,tabindex:14)
2024-01-21 10:47:39,827 [INFO] PluginManage:283 - PluginManage : Loaded plugins [17]
2024-01-21 10:47:40,168 [INFO] PinOutPanel:1499 - setPackage(No Configuration,No Configuration)
2024-01-21 10:47:40,285 [INFO] CADModel:165 - CPN selected for project level
2024-01-21 10:47:40,285 [INFO] CADModel:114 - Register for checkConnection events
2024-01-21 10:47:40,299 [INFO] IPUIPlugin:80 - create IPUIPlugin
2024-01-21 10:47:40,299 [INFO] PluginManager:220 - loadIPPluginJar : add mdma
2024-01-21 10:47:40,305 [INFO] IPUIPlugin:80 - create IPUIPlugin
2024-01-21 10:47:40,305 [INFO] PluginManager:220 - loadIPPluginJar : add freertos
2024-01-21 10:47:40,307 [INFO] IPUIPlugin:80 - create IPUIPlugin
2024-01-21 10:47:40,308 [INFO] PluginManager:220 - loadIPPluginJar : add gic
2024-01-21 10:47:40,313 [INFO] IPUIPlugin:80 - create IPUIPlugin
2024-01-21 10:47:40,313 [INFO] PluginManager:220 - loadIPPluginJar : add adc
2024-01-21 10:47:40,317 [INFO] IPUIPlugin:80 - create IPUIPlugin
2024-01-21 10:47:40,317 [INFO] PluginManager:220 - loadIPPluginJar : add gtzc
2024-01-21 10:47:40,318 [INFO] IPUIPlugin:80 - create IPUIPlugin
2024-01-21 10:47:40,318 [INFO] PluginManager:220 - loadIPPluginJar : add quadspi
2024-01-21 10:47:40,319 [INFO] IPUIPlugin:80 - create IPUIPlugin
2024-01-21 10:47:40,320 [INFO] PluginManager:220 - loadIPPluginJar : add aes
2024-01-21 10:47:40,321 [INFO] IPUIPlugin:80 - create IPUIPlugin
2024-01-21 10:47:40,321 [INFO] PluginManager:220 - loadIPPluginJar : add pdm2pcm
2024-01-21 10:47:40,322 [INFO] IPUIPlugin:80 - create IPUIPlugin
2024-01-21 10:47:40,322 [INFO] PluginManager:220 - loadIPPluginJar : add hash
2024-01-21 10:47:40,323 [INFO] IPUIPlugin:80 - create IPUIPlugin
2024-01-21 10:47:40,323 [INFO] PluginManager:220 - loadIPPluginJar : add tim
2024-01-21 10:47:40,324 [INFO] IPUIPlugin:80 - create IPUIPlugin
2024-01-21 10:47:40,324 [INFO] PluginManager:220 - loadIPPluginJar : add tsc
2024-01-21 10:47:40,325 [INFO] IPUIPlugin:80 - create IPUIPlugin
2024-01-21 10:47:40,325 [INFO] PluginManager:220 - loadIPPluginJar : add ts
2024-01-21 10:47:40,326 [INFO] IPUIPlugin:80 - create IPUIPlugin
2024-01-21 10:47:40,326 [INFO] PluginManager:220 - loadIPPluginJar : add can
2024-01-21 10:47:40,328 [INFO] IPUIPlugin:80 - create IPUIPlugin
2024-01-21 10:47:40,328 [INFO] PluginManager:220 - loadIPPluginJar : add dma3
2024-01-21 10:47:40,329 [INFO] IPUIPlugin:80 - create IPUIPlugin
2024-01-21 10:47:40,329 [INFO] PluginManager:220 - loadIPPluginJar : add dfsdm
2024-01-21 10:47:40,330 [INFO] IPUIPlugin:80 - create IPUIPlugin
2024-01-21 10:47:40,330 [INFO] PluginManager:220 - loadIPPluginJar : add spi
2024-01-21 10:47:40,332 [INFO] IPUIPlugin:80 - create IPUIPlugin
2024-01-21 10:47:40,332 [INFO] PluginManager:220 - loadIPPluginJar : add gfxmmu
2024-01-21 10:47:40,334 [INFO] IPUIPlugin:80 - create IPUIPlugin
2024-01-21 10:47:40,334 [INFO] PluginManager:220 - loadIPPluginJar : add genericplugin
2024-01-21 10:47:40,335 [INFO] IPUIPlugin:80 - create IPUIPlugin
2024-01-21 10:47:40,335 [INFO] PluginManager:220 - loadIPPluginJar : add cryp
2024-01-21 10:47:40,337 [INFO] IPUIPlugin:80 - create IPUIPlugin
2024-01-21 10:47:40,338 [INFO] PluginManager:220 - loadIPPluginJar : add gpio
2024-01-21 10:47:40,339 [INFO] IPUIPlugin:80 - create IPUIPlugin
2024-01-21 10:47:40,339 [INFO] PluginManager:220 - loadIPPluginJar : add comp
2024-01-21 10:47:40,341 [INFO] IPUIPlugin:80 - create IPUIPlugin
2024-01-21 10:47:40,341 [INFO] PluginManager:220 - loadIPPluginJar : add tracer_emb
2024-01-21 10:47:40,343 [INFO] IPUIPlugin:80 - create IPUIPlugin
2024-01-21 10:47:40,343 [INFO] PluginManager:220 - loadIPPluginJar : add openamp
2024-01-21 10:47:40,346 [INFO] IPUIPlugin:80 - create IPUIPlugin
2024-01-21 10:47:40,346 [INFO] PluginManager:220 - loadIPPluginJar : add stm32_wpan
2024-01-21 10:47:40,350 [INFO] IPUIPlugin:80 - create IPUIPlugin
2024-01-21 10:47:40,355 [INFO] PluginManager:220 - loadIPPluginJar : add plateformsettings
2024-01-21 10:47:40,358 [INFO] IPUIPlugin:80 - create IPUIPlugin
2024-01-21 10:47:40,358 [INFO] PluginManager:220 - loadIPPluginJar : add ipddr
2024-01-21 10:47:40,359 [INFO] IPUIPlugin:80 - create IPUIPlugin
2024-01-21 10:47:40,359 [INFO] PluginManager:220 - loadIPPluginJar : add usart
2024-01-21 10:47:40,360 [INFO] IPUIPlugin:80 - create IPUIPlugin
2024-01-21 10:47:40,360 [INFO] PluginManager:220 - loadIPPluginJar : add ltdc
2024-01-21 10:47:40,363 [INFO] IPUIPlugin:80 - create IPUIPlugin
2024-01-21 10:47:40,363 [INFO] PluginManager:220 - loadIPPluginJar : add nvic
2024-01-21 10:47:40,364 [INFO] IPUIPlugin:80 - create IPUIPlugin
2024-01-21 10:47:40,364 [INFO] PluginManager:220 - loadIPPluginJar : add fatfs
2024-01-21 10:47:40,368 [INFO] IPUIPlugin:80 - create IPUIPlugin
2024-01-21 10:47:40,369 [INFO] PluginManager:220 - loadIPPluginJar : add linkedlist
2024-01-21 10:47:40,373 [INFO] IPUIPlugin:80 - create IPUIPlugin
2024-01-21 10:47:40,374 [INFO] PluginManager:220 - loadIPPluginJar : add dma
2024-01-21 10:47:40,376 [INFO] IPUIPlugin:80 - create IPUIPlugin
2024-01-21 10:47:40,376 [INFO] PluginManager:220 - loadIPPluginJar : add fmc
2024-01-21 10:47:40,377 [INFO] IPUIPlugin:80 - create IPUIPlugin
2024-01-21 10:47:40,377 [INFO] PluginManager:220 - loadIPPluginJar : add i2s
2024-01-21 10:47:40,378 [INFO] IPUIPlugin:80 - create IPUIPlugin
2024-01-21 10:47:40,379 [INFO] PluginManager:220 - loadIPPluginJar : add ucpd
2024-01-21 10:47:40,380 [INFO] IPUIPlugin:80 - create IPUIPlugin
2024-01-21 10:47:40,380 [INFO] PluginManager:220 - loadIPPluginJar : add lorawan
2024-01-21 10:47:40,382 [INFO] IPUIPlugin:80 - create IPUIPlugin
2024-01-21 10:47:40,382 [INFO] PluginManager:220 - loadIPPluginJar : add opamp
2024-01-21 10:47:40,384 [INFO] IPUIPlugin:80 - create IPUIPlugin
2024-01-21 10:47:40,384 [INFO] PluginManager:220 - loadIPPluginJar : add i3c
2024-01-21 10:47:40,385 [INFO] IPUIPlugin:80 - create IPUIPlugin
2024-01-21 10:47:40,386 [INFO] PluginManager:220 - loadIPPluginJar : add touchsensing
2024-01-21 10:47:40,387 [INFO] IPUIPlugin:80 - create IPUIPlugin
2024-01-21 10:47:40,387 [INFO] PluginManager:220 - loadIPPluginJar : add i2c
2024-01-21 10:47:40,388 [INFO] IPUIPlugin:80 - create IPUIPlugin
2024-01-21 10:47:40,388 [INFO] PluginManager:220 - loadIPPluginJar : add resmgrutility
2024-01-21 10:47:40,390 [INFO] IPUIPlugin:80 - create IPUIPlugin
2024-01-21 10:47:40,390 [INFO] PluginManager:220 - loadIPPluginJar : add sai
2024-01-21 10:47:40,391 [INFO] IPUIPlugin:80 - create IPUIPlugin
2024-01-21 10:47:40,391 [INFO] PluginManager:220 - loadIPPluginJar : add usbx
2024-01-21 10:47:40,510 [INFO] CADModel:165 - CPN selected for project level
2024-01-21 10:47:40,510 [INFO] CADModel:114 - Register for checkConnection events
2024-01-21 10:47:40,510 [FATAL] Updater:308 - Updater called before beeing initialized
2024-01-21 10:47:40,510 [ERROR] CADModel:125 - Updater not yet initialized, retry later 
2024-01-21 10:47:40,739 [INFO] CADModel:165 - CPN selected for project level
2024-01-21 10:47:40,739 [INFO] CADModel:114 - Register for checkConnection events
2024-01-21 10:47:40,739 [FATAL] Updater:308 - Updater called before beeing initialized
2024-01-21 10:47:40,739 [ERROR] CADModel:125 - Updater not yet initialized, retry later 
2024-01-21 10:47:40,742 [FATAL] Updater:308 - Updater called before beeing initialized
2024-01-21 10:47:40,877 [FATAL] Updater:308 - Updater called before beeing initialized
2024-01-21 10:47:40,883 [INFO] DbMcusAds:53 - JSON generation date=Wed Nov 29 02:52:38 PST 2023 (1701255158764)
2024-01-21 10:47:40,883 [FATAL] Updater:308 - Updater called before beeing initialized
2024-01-21 10:47:40,948 [WARN] DetailPanel:346 - Failed to get advertising image, set to default
2024-01-21 10:47:41,021 [FATAL] Updater:308 - Updater called before beeing initialized
2024-01-21 10:47:41,023 [FATAL] Updater:308 - Updater called before beeing initialized
2024-01-21 10:47:41,024 [FATAL] Updater:308 - Updater called before beeing initialized
2024-01-21 10:47:41,024 [WARN] DetailPanel:346 - Failed to get advertising image, set to default
2024-01-21 10:47:41,025 [FATAL] Updater:308 - Updater called before beeing initialized
2024-01-21 10:47:41,083 [ERROR] Updater:1120 - MainUpdater not yet initialized. External WinMGr cannot be set.
2024-01-21 10:47:41,122 [INFO] Updater:1056 - Updater Version found : 6.9.1
2024-01-21 10:47:41,137 [INFO] ApplicationProperties:184 - Using Application install path: /Applications/STM32CubeIDE.app/Contents/Eclipse/plugins/com.st.stm32cube.common.mx_6.9.1.202307191849
2024-01-21 10:47:41,372 [INFO] MainUpdater:2868 - connection check result : 10
2024-01-21 10:47:41,373 [INFO] MainUpdater:285 - Updater Check For Update Now.
2024-01-21 10:47:41,374 [INFO] MicroXplorer:498 - Change Database Version : DB.6.0.91
2024-01-21 10:47:41,377 [INFO] McuFinderGlobals:63 - Set McuFinder mode to 2 (CubeIDE integrated)
2024-01-21 10:47:41,629 [INFO] CheckServerUpdateThread:120 - End of CheckServer Thread
2024-01-21 10:47:42,685 [WARN] PackLoader:240 - Cannot read IP mode file for STMicroelectronics.X-CUBE-SMBUS.2.1.0
2024-01-21 10:47:42,705 [WARN] PackLoader:240 - Cannot read IP mode file for STMicroelectronics.X-CUBE-TOUCHGFX.4.23.0
2024-01-21 10:47:42,770 [WARN] PackLoader:240 - Cannot read IP mode file for STMicroelectronics.X-CUBE-AZRTOS-F7.1.1.0
2024-01-21 10:47:42,800 [WARN] PackLoader:240 - Cannot read IP mode file for STMicroelectronics.FP-SNS-MOTENV1.4.3.2
2024-01-21 10:47:42,828 [WARN] PackLoader:240 - Cannot read IP mode file for STMicroelectronics.FP-SNS-FLIGHT1.5.0.2
2024-01-21 10:47:42,843 [WARN] PackLoader:240 - Cannot read IP mode file for STMicroelectronics.X-CUBE-DISPLAY.3.0.0
2024-01-21 10:47:42,871 [WARN] PackLoader:240 - Cannot read IP mode file for STMicroelectronics.X-CUBE-BLE1.7.0.0
2024-01-21 10:47:42,894 [WARN] PackLoader:240 - Cannot read IP mode file for emotas.I-CUBE-CANOPEN.1.3.0
2024-01-21 10:47:42,900 [WARN] PackLoader:240 - Cannot read IP mode file for STMicroelectronics.X-CUBE-TOUCHGFX.4.22.0
2024-01-21 10:47:42,902 [WARN] PackLoader:240 - Cannot read IP mode file for STMicroelectronics.X-CUBE-TOUCHGFX.4.22.1
2024-01-21 10:47:42,906 [WARN] PackLoader:240 - Cannot read IP mode file for STMicroelectronics.FP-SNS-SMARTAG2.1.2.0
2024-01-21 10:47:42,921 [INFO] LogOutputStream:77 - [STDOUT_REDIRECT] 1 : Invalid condition id : UX_CORESTACK_Condition cause : null
2024-01-21 10:47:42,926 [INFO] LogOutputStream:77 - [STDOUT_REDIRECT] 1 : Invalid condition id : UX_CORESTACK_Condition cause : null
2024-01-21 10:47:42,927 [INFO] LogOutputStream:77 - [STDOUT_REDIRECT] 1 : Invalid condition id : UX_CORESTACK_Condition cause : null
2024-01-21 10:47:42,927 [INFO] LogOutputStream:77 - [STDOUT_REDIRECT] 1 : Invalid condition id : UX_CORESTACK_Condition cause : null
2024-01-21 10:47:42,927 [INFO] LogOutputStream:77 - [STDOUT_REDIRECT] 1 : Invalid condition id : UX_CORESTACK_Condition cause : null
2024-01-21 10:47:42,938 [WARN] PackLoader:240 - Cannot read IP mode file for STMicroelectronics.X-CUBE-AZRTOS-WL.2.0.0
2024-01-21 10:47:42,966 [WARN] PackLoader:240 - Cannot read IP mode file for WES.I-CUBE-Cesium.1.3.0
2024-01-21 10:47:42,979 [WARN] PackLoader:240 - Cannot read IP mode file for STMicroelectronics.X-CUBE-BLE2.3.3.0
2024-01-21 10:47:42,994 [WARN] PackLoader:240 - Cannot read IP mode file for STMicroelectronics.X-CUBE-ALGOBUILD.1.3.0
2024-01-21 10:47:43,035 [WARN] PackLoader:240 - Cannot read IP mode file for STMicroelectronics.X-CUBE-AZRTOS-G0.1.1.0
2024-01-21 10:47:43,060 [WARN] PackLoader:240 - Cannot read IP mode file for STMicroelectronics.X-CUBE-NFC4.3.0.0
2024-01-21 10:47:43,105 [WARN] PackLoader:240 - Cannot read IP mode file for STMicroelectronics.X-CUBE-BLEMGR.3.0.0
2024-01-21 10:47:43,125 [WARN] PackLoader:240 - Cannot read IP mode file for STMicroelectronics.FP-ATR-SIGFOX1.3.2.0
2024-01-21 10:47:43,215 [WARN] PackLoader:240 - Cannot read IP mode file for SEGGER.I-CUBE-embOS.1.3.1
2024-01-21 10:47:43,295 [WARN] PackLoader:240 - Cannot read IP mode file for STMicroelectronics.X-CUBE-GNSS1.6.0.0
2024-01-21 10:47:43,333 [WARN] PackLoader:240 - Cannot read IP mode file for STMicroelectronics.X-CUBE-AZRTOS-F4.1.1.0
2024-01-21 10:47:43,342 [WARN] PackLoader:240 - Cannot read IP mode file for wolfSSL.I-CUBE-wolfSSL.5.6.3
2024-01-21 10:47:43,373 [WARN] PackLoader:240 - Cannot read IP mode file for STMicroelectronics.X-CUBE-AZRTOS-L5.2.0.0
2024-01-21 10:47:43,465 [WARN] PackLoader:240 - Cannot read IP mode file for STMicroelectronics.X-CUBE-MEMS1.9.6.0
2024-01-21 10:47:43,618 [WARN] PackLoader:240 - Cannot read IP mode file for STMicroelectronics.X-CUBE-EEPRMA1.4.2.0
2024-01-21 10:47:43,649 [WARN] PackLoader:240 - Cannot read IP mode file for ITTIA_DB.I-CUBE-ITTIADB.8.8.0
2024-01-21 10:47:43,664 [WARN] PackLoader:240 - Cannot read IP mode file for STMicroelectronics.X-CUBE-BLEMGR.2.0.0
2024-01-21 10:47:43,702 [WARN] ConditionMgr:438 - getConditionDescription Invalid condition id : UX DEVICE CLASS RTOS Condition cause : null
2024-01-21 10:47:43,703 [WARN] ConditionMgr:438 - getConditionDescription Invalid condition id : UX DEVICE CLASS RTOS Condition cause : null
2024-01-21 10:47:43,709 [WARN] PackLoader:240 - Cannot read IP mode file for STMicroelectronics.X-CUBE-AZRTOS-H7.3.1.0
2024-01-21 10:47:43,717 [WARN] ConditionMgr:1039 - genDependencies : Invalid condition id : UX DEVICE CLASS RTOS Condition cause : null
2024-01-21 10:47:43,717 [WARN] ConditionMgr:1039 - genDependencies : Invalid condition id : UX DEVICE CLASS RTOS Condition cause : null
2024-01-21 10:47:43,719 [WARN] ConditionMgr:1039 - genDependencies : Invalid condition id : UX DEVICE CLASS RTOS Condition cause : null
2024-01-21 10:47:43,719 [WARN] ConditionMgr:1039 - genDependencies : Invalid condition id : UX DEVICE CLASS RTOS Condition cause : null
2024-01-21 10:47:43,720 [WARN] ConditionMgr:1039 - genDependencies : Invalid condition id : UX DEVICE CLASS RTOS Condition cause : null
2024-01-21 10:47:43,737 [WARN] PackLoader:240 - Cannot read IP mode file for STMicroelectronics.X-CUBE-NFC7.1.0.1
2024-01-21 10:47:43,755 [WARN] PackLoader:240 - Cannot read IP mode file for STMicroelectronics.X-CUBE-NFC6.3.0.0
2024-01-21 10:47:43,764 [WARN] PackLoader:240 - Cannot read IP mode file for STMicroelectronics.X-CUBE-EEPRMA1.4.1.0
2024-01-21 10:47:43,769 [WARN] PackLoader:240 - Cannot read IP mode file for STMicroelectronics.X-CUBE-AI.8.1.0
2024-01-21 10:47:43,795 [WARN] ConditionMgr:438 - getConditionDescription Invalid condition id : LAN8742 Phy interface Condition cause : null
2024-01-21 10:47:43,796 [WARN] PackLoader:240 - Cannot read IP mode file for STMicroelectronics.X-CUBE-AZRTOS-L4.2.0.0
2024-01-21 10:47:43,799 [WARN] ConditionMgr:1039 - genDependencies : Invalid condition id : LAN8742 Phy interface Condition cause : null
2024-01-21 10:47:43,799 [WARN] ConditionMgr:1039 - genDependencies : Invalid condition id : LAN8742 Phy interface Condition cause : null
2024-01-21 10:47:43,800 [WARN] ConditionMgr:1039 - genDependencies : Invalid condition id : LAN8742 Phy interface Condition cause : null
2024-01-21 10:47:43,836 [WARN] PackLoader:240 - Cannot read IP mode file for STMicroelectronics.X-CUBE-SFXS2LP1.4.0.0
2024-01-21 10:47:43,864 [WARN] PackLoader:240 - Cannot read IP mode file for STMicroelectronics.X-CUBE-ISPU.1.1.0
2024-01-21 10:47:43,887 [WARN] ConditionMgr:438 - getConditionDescription Invalid condition id : UX DEVICE CLASS RTOS Condition cause : null
2024-01-21 10:47:43,888 [WARN] ConditionMgr:438 - getConditionDescription Invalid condition id : UX DEVICE CLASS RTOS Condition cause : null
2024-01-21 10:47:43,893 [WARN] PackLoader:240 - Cannot read IP mode file for STMicroelectronics.X-CUBE-AZRTOS-WB.2.0.0
2024-01-21 10:47:43,894 [WARN] ConditionMgr:1039 - genDependencies : Invalid condition id : UX DEVICE CLASS RTOS Condition cause : null
2024-01-21 10:47:43,894 [WARN] ConditionMgr:1039 - genDependencies : Invalid condition id : UX DEVICE CLASS RTOS Condition cause : null
2024-01-21 10:47:43,895 [WARN] ConditionMgr:1039 - genDependencies : Invalid condition id : UX DEVICE CLASS RTOS Condition cause : null
2024-01-21 10:47:43,896 [WARN] ConditionMgr:1039 - genDependencies : Invalid condition id : UX DEVICE CLASS RTOS Condition cause : null
2024-01-21 10:47:43,896 [WARN] ConditionMgr:1039 - genDependencies : Invalid condition id : UX DEVICE CLASS RTOS Condition cause : null
2024-01-21 10:47:43,933 [WARN] PackLoader:240 - Cannot read IP mode file for STMicroelectronics.X-CUBE-SUBG2.5.0.0
2024-01-21 10:47:43,970 [WARN] PackLoader:240 - Cannot read IP mode file for STMicroelectronics.X-CUBE-TOF1.3.3.1
2024-01-21 10:47:44,017 [WARN] PackLoader:240 - Cannot read IP mode file for STMicroelectronics.X-CUBE-AZRTOS-G4.2.0.0
2024-01-21 10:47:44,048 [WARN] PackLoader:240 - Cannot read IP mode file for Infineon.AIROC-Wi-Fi-Bluetooth-STM32.1.5.1
2024-01-21 10:47:44,065 [WARN] PackLoader:240 - Cannot read IP mode file for STMicroelectronics.FP-SNS-MOTENVWB1.1.3.0
2024-01-21 10:47:44,070 [WARN] PackLoader:240 - Cannot read IP mode file for STMicroelectronics.FP-SNS-MOTENVWB1.1.3.1
2024-01-21 10:47:44,075 [WARN] PackLoader:240 - Cannot read IP mode file for STMicroelectronics.X-CUBE-ISPU.2.0.0
2024-01-21 10:47:44,131 [WARN] PackLoader:240 - Cannot read IP mode file for STMicroelectronics.X-CUBE-MEMS1.10.0.0
2024-01-21 10:47:44,236 [WARN] PackLoader:240 - Cannot read IP mode file for STMicroelectronics.X-CUBE-FREERTOS.1.1.0
2024-01-21 10:47:44,244 [WARN] PackLoader:240 - Cannot read IP mode file for portGmbH.I-Cube-SoM-uGOAL.1.1.0
2024-01-21 10:47:44,248 [WARN] PackLoader:240 - Cannot read IP mode file for STMicroelectronics.X-CUBE-ALS.1.0.1
2024-01-21 10:47:44,253 [WARN] PackLoader:240 - Cannot read IP mode file for STMicroelectronics.FP-ATR-ASTRA1.2.0.0
2024-01-21 10:47:44,265 [WARN] PackLoader:240 - Cannot read IP mode file for STMicroelectronics.X-CUBE-TOF1.3.4.0
2024-01-21 10:47:44,305 [WARN] PackLoader:240 - Cannot read IP mode file for STMicroelectronics.X-CUBE-AZRTOS-H7.3.2.0
2024-01-21 10:47:44,316 [INFO] ThirdParty:978 - Integrity check success = true
2024-01-21 10:47:44,316 [INFO] IntegrityCheckThread:100 - exiting critical section [integrity check]
2024-01-21 10:47:44,316 [INFO] IntegrityCheckThread:103 - End integrity checks thread
2024-01-21 10:48:02,551 [ERROR] LogOutputStream:75 - [STDERR_REDIRECT] SLF4J: Failed to load class "org.slf4j.impl.StaticLoggerBinder".
2024-01-21 10:48:02,553 [ERROR] LogOutputStream:75 - [STDERR_REDIRECT] SLF4J: Defaulting to no-operation (NOP) logger implementation
2024-01-21 10:48:02,553 [ERROR] LogOutputStream:75 - [STDERR_REDIRECT] SLF4J: See http://www.slf4j.org/codes.html#StaticLoggerBinder for further details.
