2023-12-03 14:34:02,584 [INFO] Activator:176 - 


2023-12-03 14:34:02,590 [INFO] Activator:177 - !SESSION log4j initialized
2023-12-03 14:34:05,919 [ERROR] LogOutputStream:75 - [STDERR_REDIRECT] 
2023-12-03 14:34:06,352 [INFO] LogOutputStream:77 - [STDOUT_REDIRECT] 
2023-12-03 14:34:08,452 [INFO] LogOutputStream:77 - [STDOUT_REDIRECT] 
2023-12-03 14:34:10,465 [INFO] ApplicationProperties:184 - Using Application install path: /Applications/STM32CubeIDE.app/Contents/Eclipse/plugins/com.st.stm32cube.common.mx_6.9.1.202307191849
2023-12-03 14:34:10,482 [INFO] DbMcusXml:78 - Set database path to: /Applications/STM32CubeIDE.app/Contents/Eclipse/plugins/com.st.stm32cube.common.mx_6.9.1.202307191849//db//mcu/
2023-12-03 14:34:10,482 [INFO] ApiDb:274 - Set plugin database path to: /Applications/STM32CubeIDE.app/Contents/Eclipse/plugins/com.st.stm32cube.common.mx_6.9.1.202307191849//db//plugins/boardmanager/
2023-12-03 14:34:10,483 [WARN] ApiDb:259 - Overriding images path with different value:  => /Applications/STM32CubeIDE.app/Contents/Eclipse/plugins/com.st.stm32cube.common.mx_6.9.1.202307191849//db//plugins/mcufinder/images/
2023-12-03 14:34:10,500 [INFO] ApiDb:250 - Set database path to: /Users/evanrobert/.stmcufinder/plugins/mcufinder//mcu/
2023-12-03 14:34:10,502 [INFO] DbMcusAds:125 - Set database path to: /Users/evanrobert/.stmcufinder/plugins/mcufinder//mcu/
2023-12-03 14:34:10,503 [INFO] CrossReferenceDbSqlite:203 - Set database path to: /Users/evanrobert/.stmcufinder/plugins/mcufinder//mcu/cs/
2023-12-03 14:34:10,639 [INFO] RulesReader:64 - Compatibility file has been processed (293 Rules)
2023-12-03 14:34:10,703 [INFO] DbMcusXml:78 - Set database path to: /Applications/STM32CubeIDE.app/Contents/Eclipse/plugins/com.st.stm32cube.common.mx_6.9.1.202307191849//db//mcu/
2023-12-03 14:34:10,703 [INFO] ApiDb:274 - Set plugin database path to: /Applications/STM32CubeIDE.app/Contents/Eclipse/plugins/com.st.stm32cube.common.mx_6.9.1.202307191849//db//plugins/boardmanager/
2023-12-03 14:34:10,703 [INFO] ApiDb:261 - Set plugin images path to: /Applications/STM32CubeIDE.app/Contents/Eclipse/plugins/com.st.stm32cube.common.mx_6.9.1.202307191849//db//plugins/mcufinder/images/
2023-12-03 14:34:10,703 [WARN] DbFile:41 - Overriding database path with different value: /Users/evanrobert/.stmcufinder/plugins/mcufinder/ => /Users/evanrobert/.stmcufinder/plugins/mcufinder
2023-12-03 14:34:10,704 [INFO] ApiDb:250 - Set database path to: /Users/evanrobert/.stmcufinder/plugins/mcufinder//mcu/
2023-12-03 14:34:10,704 [WARN] DbFile:41 - Overriding database path with different value: /Users/evanrobert/.stmcufinder/plugins/mcufinder/ => /Users/evanrobert/.stmcufinder/plugins/mcufinder
2023-12-03 14:34:10,704 [INFO] DbMcusAds:125 - Set database path to: /Users/evanrobert/.stmcufinder/plugins/mcufinder//mcu/
2023-12-03 14:34:10,704 [WARN] DbFile:41 - Overriding database path with different value: /Users/evanrobert/.stmcufinder/plugins/mcufinder/ => /Users/evanrobert/.stmcufinder/plugins/mcufinder
2023-12-03 14:34:10,704 [WARN] DbFile:41 - Overriding database path with different value: /Users/evanrobert/.stmcufinder/plugins/mcufinder/ => /Users/evanrobert/.stmcufinder/plugins/mcufinder
2023-12-03 14:34:10,704 [INFO] CrossReferenceDbSqlite:203 - Set database path to: /Users/evanrobert/.stmcufinder/plugins/mcufinder//mcu/cs/
2023-12-03 14:34:10,776 [INFO] MainPanel:262 - HeapMemory: 268435456
2023-12-03 14:34:10,858 [INFO] DbMcusXml:78 - Set database path to: /Applications/STM32CubeIDE.app/Contents/Eclipse/plugins/com.st.stm32cube.common.mx_6.9.1.202307191849//db//mcu/
2023-12-03 14:34:10,858 [INFO] ApiDb:274 - Set plugin database path to: /Applications/STM32CubeIDE.app/Contents/Eclipse/plugins/com.st.stm32cube.common.mx_6.9.1.202307191849//db//plugins/boardmanager/
2023-12-03 14:34:10,858 [INFO] ApiDb:261 - Set plugin images path to: /Applications/STM32CubeIDE.app/Contents/Eclipse/plugins/com.st.stm32cube.common.mx_6.9.1.202307191849//db//plugins/mcufinder/images/
2023-12-03 14:34:10,859 [WARN] DbFile:41 - Overriding database path with different value: /Users/evanrobert/.stmcufinder/plugins/mcufinder/ => /Users/evanrobert/.stmcufinder/plugins/mcufinder
2023-12-03 14:34:10,859 [INFO] ApiDb:250 - Set database path to: /Users/evanrobert/.stmcufinder/plugins/mcufinder//mcu/
2023-12-03 14:34:10,859 [WARN] DbFile:41 - Overriding database path with different value: /Users/evanrobert/.stmcufinder/plugins/mcufinder/ => /Users/evanrobert/.stmcufinder/plugins/mcufinder
2023-12-03 14:34:10,859 [INFO] DbMcusAds:125 - Set database path to: /Users/evanrobert/.stmcufinder/plugins/mcufinder//mcu/
2023-12-03 14:34:10,859 [WARN] DbFile:41 - Overriding database path with different value: /Users/evanrobert/.stmcufinder/plugins/mcufinder/ => /Users/evanrobert/.stmcufinder/plugins/mcufinder
2023-12-03 14:34:10,859 [WARN] DbFile:41 - Overriding database path with different value: /Users/evanrobert/.stmcufinder/plugins/mcufinder/ => /Users/evanrobert/.stmcufinder/plugins/mcufinder
2023-12-03 14:34:10,859 [INFO] CrossReferenceDbSqlite:203 - Set database path to: /Users/evanrobert/.stmcufinder/plugins/mcufinder//mcu/cs/
2023-12-03 14:34:10,876 [INFO] ApplicationProperties:184 - Using Application install path: /Applications/STM32CubeIDE.app/Contents/Eclipse/plugins/com.st.stm32cube.common.mx_6.9.1.202307191849
2023-12-03 14:34:10,877 [INFO] PluginManage:196 - Search for loadable plugins [exclusion list=, ]
2023-12-03 14:34:10,878 [INFO] PluginManage:310 - Check plugin analytics
2023-12-03 14:34:11,057 [INFO] AnalyticsPlugin:253 - Accepted Software Licenses: 
2023-12-03 14:34:11,057 [INFO] AnalyticsPlugin:255 - Accepted CMSIS Pack Licenses: 
2023-12-03 14:34:11,059 [INFO] AnalyticsPlugin:257 - Accepted Firmware Licenses: FW.F4.1.27.0
2023-12-03 14:34:11,062 [INFO] PluginManage:359 - Loaded plugin analytics (category:tool,tabindex:-1)
2023-12-03 14:34:11,063 [INFO] PluginManage:310 - Check plugin cadmodel
2023-12-03 14:34:11,459 [INFO] CADModel:105 - Init CAD model plugin
2023-12-03 14:34:11,460 [INFO] PluginManage:359 - Loaded plugin cadmodel (category:power,tabindex:5)
2023-12-03 14:34:11,460 [INFO] PluginManage:310 - Check plugin clock
2023-12-03 14:34:11,470 [INFO] PluginManage:359 - Loaded plugin clock (category:base,tabindex:2)
2023-12-03 14:34:11,470 [INFO] PluginManage:310 - Check plugin ddr
2023-12-03 14:34:11,472 [INFO] PluginManage:359 - Loaded plugin ddr (category:tool,tabindex:6)
2023-12-03 14:34:11,473 [INFO] PluginManage:310 - Check plugin filemanager
2023-12-03 14:34:11,627 [INFO] PluginManage:359 - Loaded plugin filemanager (category:base,tabindex:10)
2023-12-03 14:34:11,627 [INFO] PluginManage:310 - Check plugin ipmanager
2023-12-03 14:34:11,636 [INFO] PluginManage:359 - Loaded plugin ipmanager (category:base,tabindex:5)
2023-12-03 14:34:11,636 [INFO] PluginManage:310 - Check plugin lpbam
2023-12-03 14:34:11,645 [INFO] PluginManage:359 - Loaded plugin lpbam (category:base,tabindex:0)
2023-12-03 14:34:11,645 [INFO] PluginManage:310 - Check plugin memorymap
2023-12-03 14:34:11,654 [INFO] PluginManage:359 - Loaded plugin memorymap (category:base,tabindex:4)
2023-12-03 14:34:11,654 [INFO] PluginManage:310 - Check plugin pinoutandconfiguration
2023-12-03 14:34:11,660 [INFO] PluginManage:359 - Loaded plugin pinoutandconfiguration (category:base,tabindex:1)
2023-12-03 14:34:11,660 [INFO] PluginManage:310 - Check plugin pinoutconfig
2023-12-03 14:34:11,750 [WARN] SupportedApi:132 - Cannot load RTOS API schema: s4s-elt-must-match.1: The content of 'definitions' must match (annotation?, (simpleType | complexType)?, (unique | key | keyref)*)). A problem was found starting at: attribute.
2023-12-03 14:34:11,949 [INFO] PluginManage:359 - Loaded plugin pinoutconfig (category:base,tabindex:0)
2023-12-03 14:34:11,949 [INFO] PluginManage:310 - Check plugin power
2023-12-03 14:34:11,960 [INFO] PluginManage:359 - Loaded plugin power (category:power,tabindex:4)
2023-12-03 14:34:11,961 [INFO] PluginManage:310 - Check plugin projectmanager
2023-12-03 14:34:12,114 [INFO] PluginManage:359 - Loaded plugin projectmanager (category:projectmanager,tabindex:3)
2023-12-03 14:34:12,115 [INFO] PluginManage:310 - Check plugin thirdparty
2023-12-03 14:34:12,317 [INFO] PluginManage:359 - Loaded plugin thirdparty (category:base,tabindex:-1)
2023-12-03 14:34:12,319 [INFO] PluginManage:310 - Check plugin tools
2023-12-03 14:34:12,317 [WARN] IntegrityCheckThread:84 - waiting for thirdparty lock release [integrity check]
2023-12-03 14:34:12,319 [INFO] IntegrityCheckThread:86 - entering critical section [integrity check]
2023-12-03 14:34:12,320 [INFO] ThirdPartyUpdaterWithRetryManager:70 - Updater plugin not ready yet. [1/15]
2023-12-03 14:34:12,322 [INFO] PluginManage:359 - Loaded plugin tools (category:base,tabindex:7)
2023-12-03 14:34:12,323 [INFO] PluginManage:310 - Check plugin tutovideos
2023-12-03 14:34:12,517 [INFO] PluginManage:359 - Loaded plugin tutovideos (category:base,tabindex:-1)
2023-12-03 14:34:12,518 [INFO] PluginManage:310 - Check plugin updater
2023-12-03 14:34:12,550 [INFO] PluginManage:359 - Loaded plugin updater (category:base,tabindex:12)
2023-12-03 14:34:12,550 [INFO] PluginManage:310 - Check plugin userauth
2023-12-03 14:34:12,555 [INFO] UserAuth:113 - Init User Auth plugin
2023-12-03 14:34:12,555 [INFO] PluginManage:359 - Loaded plugin userauth (category:base,tabindex:14)
2023-12-03 14:34:12,557 [INFO] PluginManage:283 - PluginManage : Loaded plugins [17]
2023-12-03 14:34:12,858 [INFO] PinOutPanel:1499 - setPackage(No Configuration,No Configuration)
2023-12-03 14:34:12,976 [INFO] CADModel:165 - CPN selected for project level
2023-12-03 14:34:12,977 [INFO] CADModel:114 - Register for checkConnection events
2023-12-03 14:34:13,004 [INFO] IPUIPlugin:80 - create IPUIPlugin
2023-12-03 14:34:13,005 [INFO] PluginManager:220 - loadIPPluginJar : add mdma
2023-12-03 14:34:13,016 [INFO] IPUIPlugin:80 - create IPUIPlugin
2023-12-03 14:34:13,016 [INFO] PluginManager:220 - loadIPPluginJar : add freertos
2023-12-03 14:34:13,021 [INFO] IPUIPlugin:80 - create IPUIPlugin
2023-12-03 14:34:13,022 [INFO] PluginManager:220 - loadIPPluginJar : add gic
2023-12-03 14:34:13,031 [INFO] IPUIPlugin:80 - create IPUIPlugin
2023-12-03 14:34:13,031 [INFO] PluginManager:220 - loadIPPluginJar : add adc
2023-12-03 14:34:13,034 [INFO] IPUIPlugin:80 - create IPUIPlugin
2023-12-03 14:34:13,034 [INFO] PluginManager:220 - loadIPPluginJar : add gtzc
2023-12-03 14:34:13,035 [INFO] IPUIPlugin:80 - create IPUIPlugin
2023-12-03 14:34:13,035 [INFO] PluginManager:220 - loadIPPluginJar : add quadspi
2023-12-03 14:34:13,037 [INFO] IPUIPlugin:80 - create IPUIPlugin
2023-12-03 14:34:13,037 [INFO] PluginManager:220 - loadIPPluginJar : add aes
2023-12-03 14:34:13,039 [INFO] IPUIPlugin:80 - create IPUIPlugin
2023-12-03 14:34:13,039 [INFO] PluginManager:220 - loadIPPluginJar : add pdm2pcm
2023-12-03 14:34:13,040 [INFO] IPUIPlugin:80 - create IPUIPlugin
2023-12-03 14:34:13,040 [INFO] PluginManager:220 - loadIPPluginJar : add hash
2023-12-03 14:34:13,042 [INFO] IPUIPlugin:80 - create IPUIPlugin
2023-12-03 14:34:13,042 [INFO] PluginManager:220 - loadIPPluginJar : add tim
2023-12-03 14:34:13,043 [INFO] IPUIPlugin:80 - create IPUIPlugin
2023-12-03 14:34:13,043 [INFO] PluginManager:220 - loadIPPluginJar : add tsc
2023-12-03 14:34:13,044 [INFO] IPUIPlugin:80 - create IPUIPlugin
2023-12-03 14:34:13,044 [INFO] PluginManager:220 - loadIPPluginJar : add ts
2023-12-03 14:34:13,045 [INFO] IPUIPlugin:80 - create IPUIPlugin
2023-12-03 14:34:13,045 [INFO] PluginManager:220 - loadIPPluginJar : add can
2023-12-03 14:34:13,047 [INFO] IPUIPlugin:80 - create IPUIPlugin
2023-12-03 14:34:13,047 [INFO] PluginManager:220 - loadIPPluginJar : add dma3
2023-12-03 14:34:13,049 [INFO] IPUIPlugin:80 - create IPUIPlugin
2023-12-03 14:34:13,049 [INFO] PluginManager:220 - loadIPPluginJar : add dfsdm
2023-12-03 14:34:13,050 [INFO] IPUIPlugin:80 - create IPUIPlugin
2023-12-03 14:34:13,050 [INFO] PluginManager:220 - loadIPPluginJar : add spi
2023-12-03 14:34:13,057 [INFO] IPUIPlugin:80 - create IPUIPlugin
2023-12-03 14:34:13,058 [INFO] PluginManager:220 - loadIPPluginJar : add gfxmmu
2023-12-03 14:34:13,065 [INFO] IPUIPlugin:80 - create IPUIPlugin
2023-12-03 14:34:13,066 [INFO] PluginManager:220 - loadIPPluginJar : add genericplugin
2023-12-03 14:34:13,074 [INFO] IPUIPlugin:80 - create IPUIPlugin
2023-12-03 14:34:13,075 [INFO] PluginManager:220 - loadIPPluginJar : add cryp
2023-12-03 14:34:13,084 [INFO] IPUIPlugin:80 - create IPUIPlugin
2023-12-03 14:34:13,084 [INFO] PluginManager:220 - loadIPPluginJar : add gpio
2023-12-03 14:34:13,089 [INFO] IPUIPlugin:80 - create IPUIPlugin
2023-12-03 14:34:13,091 [INFO] PluginManager:220 - loadIPPluginJar : add comp
2023-12-03 14:34:13,096 [INFO] IPUIPlugin:80 - create IPUIPlugin
2023-12-03 14:34:13,097 [INFO] PluginManager:220 - loadIPPluginJar : add tracer_emb
2023-12-03 14:34:13,104 [INFO] IPUIPlugin:80 - create IPUIPlugin
2023-12-03 14:34:13,106 [INFO] PluginManager:220 - loadIPPluginJar : add openamp
2023-12-03 14:34:13,123 [INFO] IPUIPlugin:80 - create IPUIPlugin
2023-12-03 14:34:13,124 [INFO] PluginManager:220 - loadIPPluginJar : add stm32_wpan
2023-12-03 14:34:13,140 [INFO] IPUIPlugin:80 - create IPUIPlugin
2023-12-03 14:34:13,159 [INFO] PluginManager:220 - loadIPPluginJar : add plateformsettings
2023-12-03 14:34:13,168 [INFO] IPUIPlugin:80 - create IPUIPlugin
2023-12-03 14:34:13,169 [INFO] PluginManager:220 - loadIPPluginJar : add ipddr
2023-12-03 14:34:13,172 [INFO] IPUIPlugin:80 - create IPUIPlugin
2023-12-03 14:34:13,172 [INFO] PluginManager:220 - loadIPPluginJar : add usart
2023-12-03 14:34:13,173 [INFO] IPUIPlugin:80 - create IPUIPlugin
2023-12-03 14:34:13,173 [INFO] PluginManager:220 - loadIPPluginJar : add ltdc
2023-12-03 14:34:13,175 [INFO] IPUIPlugin:80 - create IPUIPlugin
2023-12-03 14:34:13,175 [INFO] PluginManager:220 - loadIPPluginJar : add nvic
2023-12-03 14:34:13,176 [INFO] IPUIPlugin:80 - create IPUIPlugin
2023-12-03 14:34:13,176 [INFO] PluginManager:220 - loadIPPluginJar : add fatfs
2023-12-03 14:34:13,182 [INFO] IPUIPlugin:80 - create IPUIPlugin
2023-12-03 14:34:13,182 [INFO] PluginManager:220 - loadIPPluginJar : add linkedlist
2023-12-03 14:34:13,186 [INFO] IPUIPlugin:80 - create IPUIPlugin
2023-12-03 14:34:13,186 [INFO] PluginManager:220 - loadIPPluginJar : add dma
2023-12-03 14:34:13,188 [INFO] IPUIPlugin:80 - create IPUIPlugin
2023-12-03 14:34:13,188 [INFO] PluginManager:220 - loadIPPluginJar : add fmc
2023-12-03 14:34:13,189 [INFO] IPUIPlugin:80 - create IPUIPlugin
2023-12-03 14:34:13,189 [INFO] PluginManager:220 - loadIPPluginJar : add i2s
2023-12-03 14:34:13,190 [INFO] IPUIPlugin:80 - create IPUIPlugin
2023-12-03 14:34:13,191 [INFO] PluginManager:220 - loadIPPluginJar : add ucpd
2023-12-03 14:34:13,193 [INFO] IPUIPlugin:80 - create IPUIPlugin
2023-12-03 14:34:13,193 [INFO] PluginManager:220 - loadIPPluginJar : add lorawan
2023-12-03 14:34:13,194 [INFO] IPUIPlugin:80 - create IPUIPlugin
2023-12-03 14:34:13,194 [INFO] PluginManager:220 - loadIPPluginJar : add opamp
2023-12-03 14:34:13,195 [INFO] IPUIPlugin:80 - create IPUIPlugin
2023-12-03 14:34:13,195 [INFO] PluginManager:220 - loadIPPluginJar : add i3c
2023-12-03 14:34:13,197 [INFO] IPUIPlugin:80 - create IPUIPlugin
2023-12-03 14:34:13,197 [INFO] PluginManager:220 - loadIPPluginJar : add touchsensing
2023-12-03 14:34:13,198 [INFO] IPUIPlugin:80 - create IPUIPlugin
2023-12-03 14:34:13,198 [INFO] PluginManager:220 - loadIPPluginJar : add i2c
2023-12-03 14:34:13,201 [INFO] IPUIPlugin:80 - create IPUIPlugin
2023-12-03 14:34:13,201 [INFO] PluginManager:220 - loadIPPluginJar : add resmgrutility
2023-12-03 14:34:13,203 [INFO] IPUIPlugin:80 - create IPUIPlugin
2023-12-03 14:34:13,203 [INFO] PluginManager:220 - loadIPPluginJar : add sai
2023-12-03 14:34:13,205 [INFO] IPUIPlugin:80 - create IPUIPlugin
2023-12-03 14:34:13,205 [INFO] PluginManager:220 - loadIPPluginJar : add usbx
2023-12-03 14:34:13,384 [INFO] CADModel:165 - CPN selected for project level
2023-12-03 14:34:13,386 [INFO] CADModel:114 - Register for checkConnection events
2023-12-03 14:34:13,386 [FATAL] Updater:308 - Updater called before beeing initialized
2023-12-03 14:34:13,386 [ERROR] CADModel:125 - Updater not yet initialized, retry later 
2023-12-03 14:34:14,267 [INFO] CADModel:165 - CPN selected for project level
2023-12-03 14:34:14,267 [INFO] CADModel:114 - Register for checkConnection events
2023-12-03 14:34:14,268 [FATAL] Updater:308 - Updater called before beeing initialized
2023-12-03 14:34:14,268 [ERROR] CADModel:125 - Updater not yet initialized, retry later 
2023-12-03 14:34:14,272 [FATAL] Updater:308 - Updater called before beeing initialized
2023-12-03 14:34:14,447 [FATAL] Updater:308 - Updater called before beeing initialized
2023-12-03 14:34:14,456 [INFO] DbMcusAds:53 - JSON generation date=Tue Mar 07 00:50:55 PST 2023 (1678179055335)
2023-12-03 14:34:14,456 [FATAL] Updater:308 - Updater called before beeing initialized
2023-12-03 14:34:14,631 [WARN] DetailPanel:346 - Failed to get advertising image, set to default
2023-12-03 14:34:14,714 [FATAL] Updater:308 - Updater called before beeing initialized
2023-12-03 14:34:14,717 [FATAL] Updater:308 - Updater called before beeing initialized
2023-12-03 14:34:14,717 [FATAL] Updater:308 - Updater called before beeing initialized
2023-12-03 14:34:14,717 [WARN] DetailPanel:346 - Failed to get advertising image, set to default
2023-12-03 14:34:14,719 [FATAL] Updater:308 - Updater called before beeing initialized
2023-12-03 14:34:14,784 [ERROR] Updater:1120 - MainUpdater not yet initialized. External WinMGr cannot be set.
2023-12-03 14:34:14,826 [INFO] Updater:1056 - Updater Version found : 6.9.1
2023-12-03 14:34:14,845 [INFO] ApplicationProperties:184 - Using Application install path: /Applications/STM32CubeIDE.app/Contents/Eclipse/plugins/com.st.stm32cube.common.mx_6.9.1.202307191849
2023-12-03 14:34:15,108 [INFO] MainUpdater:2868 - connection check result : 10
2023-12-03 14:34:15,109 [INFO] MainUpdater:285 - Updater Check For Update Now.
2023-12-03 14:34:15,109 [INFO] MicroXplorer:498 - Change Database Version : DB.6.0.91
2023-12-03 14:34:15,117 [INFO] McuFinderGlobals:63 - Set McuFinder mode to 2 (CubeIDE integrated)
2023-12-03 14:34:15,326 [WARN] MainUpdater:1189 - Updater busy. Cannot search thirdparties
2023-12-03 14:34:15,326 [INFO] ThirdPartyUpdaterWithRetryManager:96 - Updater plugin is busy. [1/15]
2023-12-03 14:34:15,366 [INFO] CheckServerUpdateThread:120 - End of CheckServer Thread
2023-12-03 14:34:18,470 [WARN] PackLoader:240 - Cannot read IP mode file for STMicroelectronics.X-CUBE-SMBUS.2.1.0
2023-12-03 14:34:18,526 [WARN] PackLoader:240 - Cannot read IP mode file for STMicroelectronics.X-CUBE-AZRTOS-F7.1.1.0
2023-12-03 14:34:18,555 [WARN] PackLoader:240 - Cannot read IP mode file for STMicroelectronics.FP-SNS-MOTENV1.4.3.2
2023-12-03 14:34:18,577 [WARN] PackLoader:240 - Cannot read IP mode file for STMicroelectronics.FP-SNS-FLIGHT1.5.0.2
2023-12-03 14:34:18,594 [WARN] PackLoader:240 - Cannot read IP mode file for STMicroelectronics.X-CUBE-DISPLAY.3.0.0
2023-12-03 14:34:18,646 [WARN] PackLoader:240 - Cannot read IP mode file for STMicroelectronics.X-CUBE-BLE1.7.0.0
2023-12-03 14:34:18,673 [WARN] PackLoader:240 - Cannot read IP mode file for emotas.I-CUBE-CANOPEN.1.3.0
2023-12-03 14:34:18,690 [WARN] PackLoader:240 - Cannot read IP mode file for STMicroelectronics.X-CUBE-TOUCHGFX.4.22.0
2023-12-03 14:34:18,696 [WARN] PackLoader:240 - Cannot read IP mode file for STMicroelectronics.X-CUBE-TOUCHGFX.4.22.1
2023-12-03 14:34:18,706 [WARN] PackLoader:240 - Cannot read IP mode file for STMicroelectronics.FP-SNS-SMARTAG2.1.2.0
2023-12-03 14:34:18,730 [INFO] LogOutputStream:77 - [STDOUT_REDIRECT] 1 : Invalid condition id : UX_CORESTACK_Condition cause : null
2023-12-03 14:34:18,732 [INFO] LogOutputStream:77 - [STDOUT_REDIRECT] 1 : Invalid condition id : UX_CORESTACK_Condition cause : null
2023-12-03 14:34:18,732 [INFO] LogOutputStream:77 - [STDOUT_REDIRECT] 1 : Invalid condition id : UX_CORESTACK_Condition cause : null
2023-12-03 14:34:18,733 [INFO] LogOutputStream:77 - [STDOUT_REDIRECT] 1 : Invalid condition id : UX_CORESTACK_Condition cause : null
2023-12-03 14:34:18,733 [INFO] LogOutputStream:77 - [STDOUT_REDIRECT] 1 : Invalid condition id : UX_CORESTACK_Condition cause : null
2023-12-03 14:34:18,744 [WARN] PackLoader:240 - Cannot read IP mode file for STMicroelectronics.X-CUBE-AZRTOS-WL.2.0.0
2023-12-03 14:34:18,778 [WARN] PackLoader:240 - Cannot read IP mode file for WES.I-CUBE-Cesium.1.3.0
2023-12-03 14:34:18,789 [WARN] PackLoader:240 - Cannot read IP mode file for STMicroelectronics.X-CUBE-BLE2.3.3.0
2023-12-03 14:34:18,822 [WARN] PackLoader:240 - Cannot read IP mode file for STMicroelectronics.X-CUBE-ALGOBUILD.1.3.0
2023-12-03 14:34:18,855 [WARN] PackLoader:240 - Cannot read IP mode file for STMicroelectronics.X-CUBE-AZRTOS-G0.1.1.0
2023-12-03 14:34:18,877 [WARN] PackLoader:240 - Cannot read IP mode file for STMicroelectronics.X-CUBE-NFC4.3.0.0
2023-12-03 14:34:18,970 [WARN] PackLoader:240 - Cannot read IP mode file for STMicroelectronics.X-CUBE-BLEMGR.3.0.0
2023-12-03 14:34:19,002 [WARN] PackLoader:240 - Cannot read IP mode file for STMicroelectronics.FP-ATR-SIGFOX1.3.2.0
2023-12-03 14:34:19,107 [WARN] PackLoader:240 - Cannot read IP mode file for SEGGER.I-CUBE-embOS.1.3.1
2023-12-03 14:34:19,210 [WARN] PackLoader:240 - Cannot read IP mode file for STMicroelectronics.X-CUBE-GNSS1.6.0.0
2023-12-03 14:34:19,263 [WARN] PackLoader:240 - Cannot read IP mode file for STMicroelectronics.X-CUBE-AZRTOS-F4.1.1.0
2023-12-03 14:34:19,274 [WARN] PackLoader:240 - Cannot read IP mode file for wolfSSL.I-CUBE-wolfSSL.5.6.3
2023-12-03 14:34:19,298 [WARN] PackLoader:240 - Cannot read IP mode file for STMicroelectronics.X-CUBE-AZRTOS-L5.2.0.0
2023-12-03 14:34:19,390 [WARN] PackLoader:240 - Cannot read IP mode file for STMicroelectronics.X-CUBE-MEMS1.9.6.0
2023-12-03 14:34:19,603 [WARN] PackLoader:240 - Cannot read IP mode file for STMicroelectronics.X-CUBE-EEPRMA1.4.2.0
2023-12-03 14:34:19,639 [WARN] PackLoader:240 - Cannot read IP mode file for ITTIA_DB.I-CUBE-ITTIADB.8.8.0
2023-12-03 14:34:19,653 [WARN] PackLoader:240 - Cannot read IP mode file for STMicroelectronics.X-CUBE-BLEMGR.2.0.0
2023-12-03 14:34:19,691 [WARN] ConditionMgr:438 - getConditionDescription Invalid condition id : UX DEVICE CLASS RTOS Condition cause : null
2023-12-03 14:34:19,691 [WARN] ConditionMgr:438 - getConditionDescription Invalid condition id : UX DEVICE CLASS RTOS Condition cause : null
2023-12-03 14:34:19,697 [WARN] PackLoader:240 - Cannot read IP mode file for STMicroelectronics.X-CUBE-AZRTOS-H7.3.1.0
2023-12-03 14:34:19,700 [WARN] ConditionMgr:1039 - genDependencies : Invalid condition id : UX DEVICE CLASS RTOS Condition cause : null
2023-12-03 14:34:19,700 [WARN] ConditionMgr:1039 - genDependencies : Invalid condition id : UX DEVICE CLASS RTOS Condition cause : null
2023-12-03 14:34:19,701 [WARN] ConditionMgr:1039 - genDependencies : Invalid condition id : UX DEVICE CLASS RTOS Condition cause : null
2023-12-03 14:34:19,702 [WARN] ConditionMgr:1039 - genDependencies : Invalid condition id : UX DEVICE CLASS RTOS Condition cause : null
2023-12-03 14:34:19,702 [WARN] ConditionMgr:1039 - genDependencies : Invalid condition id : UX DEVICE CLASS RTOS Condition cause : null
2023-12-03 14:34:19,722 [WARN] PackLoader:240 - Cannot read IP mode file for STMicroelectronics.X-CUBE-NFC7.1.0.1
2023-12-03 14:34:19,739 [WARN] PackLoader:240 - Cannot read IP mode file for STMicroelectronics.X-CUBE-NFC6.3.0.0
2023-12-03 14:34:19,750 [WARN] PackLoader:240 - Cannot read IP mode file for STMicroelectronics.X-CUBE-EEPRMA1.4.1.0
2023-12-03 14:34:19,760 [WARN] PackLoader:240 - Cannot read IP mode file for STMicroelectronics.X-CUBE-AI.8.1.0
2023-12-03 14:34:19,782 [WARN] ConditionMgr:438 - getConditionDescription Invalid condition id : LAN8742 Phy interface Condition cause : null
2023-12-03 14:34:19,783 [WARN] PackLoader:240 - Cannot read IP mode file for STMicroelectronics.X-CUBE-AZRTOS-L4.2.0.0
2023-12-03 14:34:19,785 [WARN] ConditionMgr:1039 - genDependencies : Invalid condition id : LAN8742 Phy interface Condition cause : null
2023-12-03 14:34:19,786 [WARN] ConditionMgr:1039 - genDependencies : Invalid condition id : LAN8742 Phy interface Condition cause : null
2023-12-03 14:34:19,787 [WARN] ConditionMgr:1039 - genDependencies : Invalid condition id : LAN8742 Phy interface Condition cause : null
2023-12-03 14:34:19,809 [WARN] PackLoader:240 - Cannot read IP mode file for STMicroelectronics.X-CUBE-SFXS2LP1.4.0.0
2023-12-03 14:34:19,819 [WARN] PackLoader:240 - Cannot read IP mode file for STMicroelectronics.X-CUBE-ISPU.1.1.0
2023-12-03 14:34:19,830 [WARN] ConditionMgr:438 - getConditionDescription Invalid condition id : UX DEVICE CLASS RTOS Condition cause : null
2023-12-03 14:34:19,831 [WARN] ConditionMgr:438 - getConditionDescription Invalid condition id : UX DEVICE CLASS RTOS Condition cause : null
2023-12-03 14:34:19,834 [WARN] PackLoader:240 - Cannot read IP mode file for STMicroelectronics.X-CUBE-AZRTOS-WB.2.0.0
2023-12-03 14:34:19,835 [WARN] ConditionMgr:1039 - genDependencies : Invalid condition id : UX DEVICE CLASS RTOS Condition cause : null
2023-12-03 14:34:19,835 [WARN] ConditionMgr:1039 - genDependencies : Invalid condition id : UX DEVICE CLASS RTOS Condition cause : null
2023-12-03 14:34:19,836 [WARN] ConditionMgr:1039 - genDependencies : Invalid condition id : UX DEVICE CLASS RTOS Condition cause : null
2023-12-03 14:34:19,837 [WARN] ConditionMgr:1039 - genDependencies : Invalid condition id : UX DEVICE CLASS RTOS Condition cause : null
2023-12-03 14:34:19,837 [WARN] ConditionMgr:1039 - genDependencies : Invalid condition id : UX DEVICE CLASS RTOS Condition cause : null
2023-12-03 14:34:19,848 [WARN] PackLoader:240 - Cannot read IP mode file for STMicroelectronics.X-CUBE-SUBG2.5.0.0
2023-12-03 14:34:19,870 [WARN] PackLoader:240 - Cannot read IP mode file for STMicroelectronics.X-CUBE-TOF1.3.3.1
2023-12-03 14:34:19,898 [WARN] PackLoader:240 - Cannot read IP mode file for STMicroelectronics.X-CUBE-AZRTOS-G4.2.0.0
2023-12-03 14:34:19,924 [WARN] PackLoader:240 - Cannot read IP mode file for Infineon.AIROC-Wi-Fi-Bluetooth-STM32.1.5.1
2023-12-03 14:34:19,932 [WARN] PackLoader:240 - Cannot read IP mode file for STMicroelectronics.FP-SNS-MOTENVWB1.1.3.0
2023-12-03 14:34:19,993 [WARN] PackLoader:240 - Cannot read IP mode file for STMicroelectronics.X-CUBE-MEMS1.10.0.0
2023-12-03 14:34:20,080 [WARN] PackLoader:240 - Cannot read IP mode file for STMicroelectronics.X-CUBE-FREERTOS.1.1.0
2023-12-03 14:34:20,090 [WARN] PackLoader:240 - Cannot read IP mode file for portGmbH.I-Cube-SoM-uGOAL.1.1.0
2023-12-03 14:34:20,097 [WARN] PackLoader:240 - Cannot read IP mode file for STMicroelectronics.X-CUBE-ALS.1.0.1
2023-12-03 14:34:20,102 [WARN] PackLoader:240 - Cannot read IP mode file for STMicroelectronics.FP-ATR-ASTRA1.2.0.0
2023-12-03 14:34:20,118 [WARN] PackLoader:240 - Cannot read IP mode file for STMicroelectronics.X-CUBE-TOF1.3.4.0
2023-12-03 14:34:20,133 [INFO] ThirdParty:978 - Integrity check success = true
2023-12-03 14:34:20,133 [INFO] IntegrityCheckThread:100 - exiting critical section [integrity check]
2023-12-03 14:34:20,133 [INFO] IntegrityCheckThread:103 - End integrity checks thread
2023-12-03 14:34:36,067 [ERROR] LogOutputStream:75 - [STDERR_REDIRECT] SLF4J: Failed to load class "org.slf4j.impl.StaticLoggerBinder".
2023-12-03 14:34:36,068 [ERROR] LogOutputStream:75 - [STDERR_REDIRECT] SLF4J: Defaulting to no-operation (NOP) logger implementation
2023-12-03 14:34:36,069 [ERROR] LogOutputStream:75 - [STDERR_REDIRECT] SLF4J: See http://www.slf4j.org/codes.html#StaticLoggerBinder for further details.
2023-12-03 14:35:27,895 [INFO] Activator:176 - 


2023-12-03 14:35:27,898 [INFO] Activator:177 - !SESSION log4j initialized
2023-12-03 14:35:30,177 [ERROR] LogOutputStream:75 - [STDERR_REDIRECT] 
2023-12-03 14:35:30,693 [INFO] LogOutputStream:77 - [STDOUT_REDIRECT] 
2023-12-03 14:35:32,198 [INFO] LogOutputStream:77 - [STDOUT_REDIRECT] 
2023-12-03 14:35:34,520 [INFO] ApplicationProperties:184 - Using Application install path: /Applications/STM32CubeIDE.app/Contents/Eclipse/plugins/com.st.stm32cube.common.mx_6.9.1.202307191849
2023-12-03 14:35:34,537 [INFO] DbMcusXml:78 - Set database path to: /Applications/STM32CubeIDE.app/Contents/Eclipse/plugins/com.st.stm32cube.common.mx_6.9.1.202307191849//db//mcu/
2023-12-03 14:35:34,537 [INFO] ApiDb:274 - Set plugin database path to: /Applications/STM32CubeIDE.app/Contents/Eclipse/plugins/com.st.stm32cube.common.mx_6.9.1.202307191849//db//plugins/boardmanager/
2023-12-03 14:35:34,538 [WARN] ApiDb:259 - Overriding images path with different value:  => /Applications/STM32CubeIDE.app/Contents/Eclipse/plugins/com.st.stm32cube.common.mx_6.9.1.202307191849//db//plugins/mcufinder/images/
2023-12-03 14:35:34,555 [INFO] ApiDb:250 - Set database path to: /Users/evanrobert/.stmcufinder/plugins/mcufinder//mcu/
2023-12-03 14:35:34,557 [INFO] DbMcusAds:125 - Set database path to: /Users/evanrobert/.stmcufinder/plugins/mcufinder//mcu/
2023-12-03 14:35:34,558 [INFO] CrossReferenceDbSqlite:203 - Set database path to: /Users/evanrobert/.stmcufinder/plugins/mcufinder//mcu/cs/
2023-12-03 14:35:34,676 [INFO] RulesReader:64 - Compatibility file has been processed (293 Rules)
2023-12-03 14:35:34,734 [INFO] DbMcusXml:78 - Set database path to: /Applications/STM32CubeIDE.app/Contents/Eclipse/plugins/com.st.stm32cube.common.mx_6.9.1.202307191849//db//mcu/
2023-12-03 14:35:34,734 [INFO] ApiDb:274 - Set plugin database path to: /Applications/STM32CubeIDE.app/Contents/Eclipse/plugins/com.st.stm32cube.common.mx_6.9.1.202307191849//db//plugins/boardmanager/
2023-12-03 14:35:34,735 [INFO] ApiDb:261 - Set plugin images path to: /Applications/STM32CubeIDE.app/Contents/Eclipse/plugins/com.st.stm32cube.common.mx_6.9.1.202307191849//db//plugins/mcufinder/images/
2023-12-03 14:35:34,735 [WARN] DbFile:41 - Overriding database path with different value: /Users/evanrobert/.stmcufinder/plugins/mcufinder/ => /Users/evanrobert/.stmcufinder/plugins/mcufinder
2023-12-03 14:35:34,735 [INFO] ApiDb:250 - Set database path to: /Users/evanrobert/.stmcufinder/plugins/mcufinder//mcu/
2023-12-03 14:35:34,735 [WARN] DbFile:41 - Overriding database path with different value: /Users/evanrobert/.stmcufinder/plugins/mcufinder/ => /Users/evanrobert/.stmcufinder/plugins/mcufinder
2023-12-03 14:35:34,735 [INFO] DbMcusAds:125 - Set database path to: /Users/evanrobert/.stmcufinder/plugins/mcufinder//mcu/
2023-12-03 14:35:34,735 [WARN] DbFile:41 - Overriding database path with different value: /Users/evanrobert/.stmcufinder/plugins/mcufinder/ => /Users/evanrobert/.stmcufinder/plugins/mcufinder
2023-12-03 14:35:34,735 [WARN] DbFile:41 - Overriding database path with different value: /Users/evanrobert/.stmcufinder/plugins/mcufinder/ => /Users/evanrobert/.stmcufinder/plugins/mcufinder
2023-12-03 14:35:34,735 [INFO] CrossReferenceDbSqlite:203 - Set database path to: /Users/evanrobert/.stmcufinder/plugins/mcufinder//mcu/cs/
2023-12-03 14:35:34,806 [INFO] MainPanel:262 - HeapMemory: 268435456
2023-12-03 14:35:34,881 [INFO] DbMcusXml:78 - Set database path to: /Applications/STM32CubeIDE.app/Contents/Eclipse/plugins/com.st.stm32cube.common.mx_6.9.1.202307191849//db//mcu/
2023-12-03 14:35:34,881 [INFO] ApiDb:274 - Set plugin database path to: /Applications/STM32CubeIDE.app/Contents/Eclipse/plugins/com.st.stm32cube.common.mx_6.9.1.202307191849//db//plugins/boardmanager/
2023-12-03 14:35:34,881 [INFO] ApiDb:261 - Set plugin images path to: /Applications/STM32CubeIDE.app/Contents/Eclipse/plugins/com.st.stm32cube.common.mx_6.9.1.202307191849//db//plugins/mcufinder/images/
2023-12-03 14:35:34,881 [WARN] DbFile:41 - Overriding database path with different value: /Users/evanrobert/.stmcufinder/plugins/mcufinder/ => /Users/evanrobert/.stmcufinder/plugins/mcufinder
2023-12-03 14:35:34,882 [INFO] ApiDb:250 - Set database path to: /Users/evanrobert/.stmcufinder/plugins/mcufinder//mcu/
2023-12-03 14:35:34,882 [WARN] DbFile:41 - Overriding database path with different value: /Users/evanrobert/.stmcufinder/plugins/mcufinder/ => /Users/evanrobert/.stmcufinder/plugins/mcufinder
2023-12-03 14:35:34,882 [INFO] DbMcusAds:125 - Set database path to: /Users/evanrobert/.stmcufinder/plugins/mcufinder//mcu/
2023-12-03 14:35:34,882 [WARN] DbFile:41 - Overriding database path with different value: /Users/evanrobert/.stmcufinder/plugins/mcufinder/ => /Users/evanrobert/.stmcufinder/plugins/mcufinder
2023-12-03 14:35:34,882 [WARN] DbFile:41 - Overriding database path with different value: /Users/evanrobert/.stmcufinder/plugins/mcufinder/ => /Users/evanrobert/.stmcufinder/plugins/mcufinder
2023-12-03 14:35:34,882 [INFO] CrossReferenceDbSqlite:203 - Set database path to: /Users/evanrobert/.stmcufinder/plugins/mcufinder//mcu/cs/
2023-12-03 14:35:34,901 [INFO] ApplicationProperties:184 - Using Application install path: /Applications/STM32CubeIDE.app/Contents/Eclipse/plugins/com.st.stm32cube.common.mx_6.9.1.202307191849
2023-12-03 14:35:34,902 [INFO] PluginManage:196 - Search for loadable plugins [exclusion list=, ]
2023-12-03 14:35:34,903 [INFO] PluginManage:310 - Check plugin analytics
2023-12-03 14:35:35,082 [INFO] AnalyticsPlugin:253 - Accepted Software Licenses: 
2023-12-03 14:35:35,083 [INFO] AnalyticsPlugin:255 - Accepted CMSIS Pack Licenses: 
2023-12-03 14:35:35,085 [INFO] AnalyticsPlugin:257 - Accepted Firmware Licenses: FW.F4.1.27.0
2023-12-03 14:35:35,093 [INFO] PluginManage:359 - Loaded plugin analytics (category:tool,tabindex:-1)
2023-12-03 14:35:35,097 [INFO] PluginManage:310 - Check plugin cadmodel
2023-12-03 14:35:35,245 [INFO] CADModel:105 - Init CAD model plugin
2023-12-03 14:35:35,245 [INFO] PluginManage:359 - Loaded plugin cadmodel (category:power,tabindex:5)
2023-12-03 14:35:35,246 [INFO] PluginManage:310 - Check plugin clock
2023-12-03 14:35:35,259 [INFO] PluginManage:359 - Loaded plugin clock (category:base,tabindex:2)
2023-12-03 14:35:35,260 [INFO] PluginManage:310 - Check plugin ddr
2023-12-03 14:35:35,261 [INFO] PluginManage:359 - Loaded plugin ddr (category:tool,tabindex:6)
2023-12-03 14:35:35,262 [INFO] PluginManage:310 - Check plugin filemanager
2023-12-03 14:35:35,403 [INFO] PluginManage:359 - Loaded plugin filemanager (category:base,tabindex:10)
2023-12-03 14:35:35,404 [INFO] PluginManage:310 - Check plugin ipmanager
2023-12-03 14:35:35,411 [INFO] PluginManage:359 - Loaded plugin ipmanager (category:base,tabindex:5)
2023-12-03 14:35:35,411 [INFO] PluginManage:310 - Check plugin lpbam
2023-12-03 14:35:35,419 [INFO] PluginManage:359 - Loaded plugin lpbam (category:base,tabindex:0)
2023-12-03 14:35:35,419 [INFO] PluginManage:310 - Check plugin memorymap
2023-12-03 14:35:35,430 [INFO] PluginManage:359 - Loaded plugin memorymap (category:base,tabindex:4)
2023-12-03 14:35:35,430 [INFO] PluginManage:310 - Check plugin pinoutandconfiguration
2023-12-03 14:35:35,436 [INFO] PluginManage:359 - Loaded plugin pinoutandconfiguration (category:base,tabindex:1)
2023-12-03 14:35:35,436 [INFO] PluginManage:310 - Check plugin pinoutconfig
2023-12-03 14:35:35,517 [WARN] SupportedApi:132 - Cannot load RTOS API schema: s4s-elt-must-match.1: The content of 'definitions' must match (annotation?, (simpleType | complexType)?, (unique | key | keyref)*)). A problem was found starting at: attribute.
2023-12-03 14:35:35,662 [INFO] PluginManage:359 - Loaded plugin pinoutconfig (category:base,tabindex:0)
2023-12-03 14:35:35,662 [INFO] PluginManage:310 - Check plugin power
2023-12-03 14:35:35,716 [INFO] PluginManage:359 - Loaded plugin power (category:power,tabindex:4)
2023-12-03 14:35:35,716 [INFO] PluginManage:310 - Check plugin projectmanager
2023-12-03 14:35:35,876 [INFO] PluginManage:359 - Loaded plugin projectmanager (category:projectmanager,tabindex:3)
2023-12-03 14:35:35,878 [INFO] PluginManage:310 - Check plugin thirdparty
2023-12-03 14:35:36,066 [INFO] PluginManage:359 - Loaded plugin thirdparty (category:base,tabindex:-1)
2023-12-03 14:35:36,067 [INFO] PluginManage:310 - Check plugin tools
2023-12-03 14:35:36,066 [WARN] IntegrityCheckThread:84 - waiting for thirdparty lock release [integrity check]
2023-12-03 14:35:36,068 [INFO] IntegrityCheckThread:86 - entering critical section [integrity check]
2023-12-03 14:35:36,069 [INFO] ThirdPartyUpdaterWithRetryManager:70 - Updater plugin not ready yet. [1/15]
2023-12-03 14:35:36,071 [INFO] PluginManage:359 - Loaded plugin tools (category:base,tabindex:7)
2023-12-03 14:35:36,072 [INFO] PluginManage:310 - Check plugin tutovideos
2023-12-03 14:35:36,251 [INFO] PluginManage:359 - Loaded plugin tutovideos (category:base,tabindex:-1)
2023-12-03 14:35:36,251 [INFO] PluginManage:310 - Check plugin updater
2023-12-03 14:35:36,264 [INFO] PluginManage:359 - Loaded plugin updater (category:base,tabindex:12)
2023-12-03 14:35:36,265 [INFO] PluginManage:310 - Check plugin userauth
2023-12-03 14:35:36,271 [INFO] UserAuth:113 - Init User Auth plugin
2023-12-03 14:35:36,271 [INFO] PluginManage:359 - Loaded plugin userauth (category:base,tabindex:14)
2023-12-03 14:35:36,272 [INFO] PluginManage:283 - PluginManage : Loaded plugins [17]
2023-12-03 14:35:37,130 [INFO] PinOutPanel:1499 - setPackage(No Configuration,No Configuration)
2023-12-03 14:35:37,247 [INFO] CADModel:165 - CPN selected for project level
2023-12-03 14:35:37,247 [INFO] CADModel:114 - Register for checkConnection events
2023-12-03 14:35:37,258 [INFO] IPUIPlugin:80 - create IPUIPlugin
2023-12-03 14:35:37,258 [INFO] PluginManager:220 - loadIPPluginJar : add mdma
2023-12-03 14:35:37,264 [INFO] IPUIPlugin:80 - create IPUIPlugin
2023-12-03 14:35:37,264 [INFO] PluginManager:220 - loadIPPluginJar : add freertos
2023-12-03 14:35:37,268 [INFO] IPUIPlugin:80 - create IPUIPlugin
2023-12-03 14:35:37,268 [INFO] PluginManager:220 - loadIPPluginJar : add gic
2023-12-03 14:35:37,281 [INFO] IPUIPlugin:80 - create IPUIPlugin
2023-12-03 14:35:37,281 [INFO] PluginManager:220 - loadIPPluginJar : add adc
2023-12-03 14:35:37,284 [INFO] IPUIPlugin:80 - create IPUIPlugin
2023-12-03 14:35:37,284 [INFO] PluginManager:220 - loadIPPluginJar : add gtzc
2023-12-03 14:35:37,285 [INFO] IPUIPlugin:80 - create IPUIPlugin
2023-12-03 14:35:37,285 [INFO] PluginManager:220 - loadIPPluginJar : add quadspi
2023-12-03 14:35:37,287 [INFO] IPUIPlugin:80 - create IPUIPlugin
2023-12-03 14:35:37,287 [INFO] PluginManager:220 - loadIPPluginJar : add aes
2023-12-03 14:35:37,289 [INFO] IPUIPlugin:80 - create IPUIPlugin
2023-12-03 14:35:37,289 [INFO] PluginManager:220 - loadIPPluginJar : add pdm2pcm
2023-12-03 14:35:37,290 [INFO] IPUIPlugin:80 - create IPUIPlugin
2023-12-03 14:35:37,291 [INFO] PluginManager:220 - loadIPPluginJar : add hash
2023-12-03 14:35:37,292 [INFO] IPUIPlugin:80 - create IPUIPlugin
2023-12-03 14:35:37,292 [INFO] PluginManager:220 - loadIPPluginJar : add tim
2023-12-03 14:35:37,293 [INFO] IPUIPlugin:80 - create IPUIPlugin
2023-12-03 14:35:37,293 [INFO] PluginManager:220 - loadIPPluginJar : add tsc
2023-12-03 14:35:37,293 [INFO] IPUIPlugin:80 - create IPUIPlugin
2023-12-03 14:35:37,294 [INFO] PluginManager:220 - loadIPPluginJar : add ts
2023-12-03 14:35:37,295 [INFO] IPUIPlugin:80 - create IPUIPlugin
2023-12-03 14:35:37,295 [INFO] PluginManager:220 - loadIPPluginJar : add can
2023-12-03 14:35:37,297 [INFO] IPUIPlugin:80 - create IPUIPlugin
2023-12-03 14:35:37,298 [INFO] PluginManager:220 - loadIPPluginJar : add dma3
2023-12-03 14:35:37,300 [INFO] IPUIPlugin:80 - create IPUIPlugin
2023-12-03 14:35:37,300 [INFO] PluginManager:220 - loadIPPluginJar : add dfsdm
2023-12-03 14:35:37,301 [INFO] IPUIPlugin:80 - create IPUIPlugin
2023-12-03 14:35:37,301 [INFO] PluginManager:220 - loadIPPluginJar : add spi
2023-12-03 14:35:37,302 [INFO] IPUIPlugin:80 - create IPUIPlugin
2023-12-03 14:35:37,302 [INFO] PluginManager:220 - loadIPPluginJar : add gfxmmu
2023-12-03 14:35:37,304 [INFO] IPUIPlugin:80 - create IPUIPlugin
2023-12-03 14:35:37,304 [INFO] PluginManager:220 - loadIPPluginJar : add genericplugin
2023-12-03 14:35:37,305 [INFO] IPUIPlugin:80 - create IPUIPlugin
2023-12-03 14:35:37,305 [INFO] PluginManager:220 - loadIPPluginJar : add cryp
2023-12-03 14:35:37,307 [INFO] IPUIPlugin:80 - create IPUIPlugin
2023-12-03 14:35:37,307 [INFO] PluginManager:220 - loadIPPluginJar : add gpio
2023-12-03 14:35:37,308 [INFO] IPUIPlugin:80 - create IPUIPlugin
2023-12-03 14:35:37,308 [INFO] PluginManager:220 - loadIPPluginJar : add comp
2023-12-03 14:35:37,310 [INFO] IPUIPlugin:80 - create IPUIPlugin
2023-12-03 14:35:37,310 [INFO] PluginManager:220 - loadIPPluginJar : add tracer_emb
2023-12-03 14:35:37,312 [INFO] IPUIPlugin:80 - create IPUIPlugin
2023-12-03 14:35:37,313 [INFO] PluginManager:220 - loadIPPluginJar : add openamp
2023-12-03 14:35:37,316 [INFO] IPUIPlugin:80 - create IPUIPlugin
2023-12-03 14:35:37,316 [INFO] PluginManager:220 - loadIPPluginJar : add stm32_wpan
2023-12-03 14:35:37,320 [INFO] IPUIPlugin:80 - create IPUIPlugin
2023-12-03 14:35:37,323 [INFO] PluginManager:220 - loadIPPluginJar : add plateformsettings
2023-12-03 14:35:37,326 [INFO] IPUIPlugin:80 - create IPUIPlugin
2023-12-03 14:35:37,326 [INFO] PluginManager:220 - loadIPPluginJar : add ipddr
2023-12-03 14:35:37,327 [INFO] IPUIPlugin:80 - create IPUIPlugin
2023-12-03 14:35:37,327 [INFO] PluginManager:220 - loadIPPluginJar : add usart
2023-12-03 14:35:37,328 [INFO] IPUIPlugin:80 - create IPUIPlugin
2023-12-03 14:35:37,328 [INFO] PluginManager:220 - loadIPPluginJar : add ltdc
2023-12-03 14:35:37,330 [INFO] IPUIPlugin:80 - create IPUIPlugin
2023-12-03 14:35:37,331 [INFO] PluginManager:220 - loadIPPluginJar : add nvic
2023-12-03 14:35:37,332 [INFO] IPUIPlugin:80 - create IPUIPlugin
2023-12-03 14:35:37,332 [INFO] PluginManager:220 - loadIPPluginJar : add fatfs
2023-12-03 14:35:37,337 [INFO] IPUIPlugin:80 - create IPUIPlugin
2023-12-03 14:35:37,337 [INFO] PluginManager:220 - loadIPPluginJar : add linkedlist
2023-12-03 14:35:37,340 [INFO] IPUIPlugin:80 - create IPUIPlugin
2023-12-03 14:35:37,340 [INFO] PluginManager:220 - loadIPPluginJar : add dma
2023-12-03 14:35:37,342 [INFO] IPUIPlugin:80 - create IPUIPlugin
2023-12-03 14:35:37,343 [INFO] PluginManager:220 - loadIPPluginJar : add fmc
2023-12-03 14:35:37,344 [INFO] IPUIPlugin:80 - create IPUIPlugin
2023-12-03 14:35:37,344 [INFO] PluginManager:220 - loadIPPluginJar : add i2s
2023-12-03 14:35:37,345 [INFO] IPUIPlugin:80 - create IPUIPlugin
2023-12-03 14:35:37,345 [INFO] PluginManager:220 - loadIPPluginJar : add ucpd
2023-12-03 14:35:37,346 [INFO] IPUIPlugin:80 - create IPUIPlugin
2023-12-03 14:35:37,346 [INFO] PluginManager:220 - loadIPPluginJar : add lorawan
2023-12-03 14:35:37,348 [INFO] IPUIPlugin:80 - create IPUIPlugin
2023-12-03 14:35:37,348 [INFO] PluginManager:220 - loadIPPluginJar : add opamp
2023-12-03 14:35:37,350 [INFO] IPUIPlugin:80 - create IPUIPlugin
2023-12-03 14:35:37,350 [INFO] PluginManager:220 - loadIPPluginJar : add i3c
2023-12-03 14:35:37,351 [INFO] IPUIPlugin:80 - create IPUIPlugin
2023-12-03 14:35:37,351 [INFO] PluginManager:220 - loadIPPluginJar : add touchsensing
2023-12-03 14:35:37,353 [INFO] IPUIPlugin:80 - create IPUIPlugin
2023-12-03 14:35:37,353 [INFO] PluginManager:220 - loadIPPluginJar : add i2c
2023-12-03 14:35:37,355 [INFO] IPUIPlugin:80 - create IPUIPlugin
2023-12-03 14:35:37,355 [INFO] PluginManager:220 - loadIPPluginJar : add resmgrutility
2023-12-03 14:35:37,356 [INFO] IPUIPlugin:80 - create IPUIPlugin
2023-12-03 14:35:37,356 [INFO] PluginManager:220 - loadIPPluginJar : add sai
2023-12-03 14:35:37,358 [INFO] IPUIPlugin:80 - create IPUIPlugin
2023-12-03 14:35:37,358 [INFO] PluginManager:220 - loadIPPluginJar : add usbx
2023-12-03 14:35:37,471 [INFO] CADModel:165 - CPN selected for project level
2023-12-03 14:35:37,471 [INFO] CADModel:114 - Register for checkConnection events
2023-12-03 14:35:37,471 [FATAL] Updater:308 - Updater called before beeing initialized
2023-12-03 14:35:37,471 [ERROR] CADModel:125 - Updater not yet initialized, retry later 
2023-12-03 14:35:37,823 [INFO] CADModel:165 - CPN selected for project level
2023-12-03 14:35:37,824 [INFO] CADModel:114 - Register for checkConnection events
2023-12-03 14:35:37,824 [FATAL] Updater:308 - Updater called before beeing initialized
2023-12-03 14:35:37,825 [ERROR] CADModel:125 - Updater not yet initialized, retry later 
2023-12-03 14:35:37,828 [FATAL] Updater:308 - Updater called before beeing initialized
2023-12-03 14:35:37,960 [FATAL] Updater:308 - Updater called before beeing initialized
2023-12-03 14:35:37,970 [INFO] DbMcusAds:53 - JSON generation date=Tue Mar 07 00:50:55 PST 2023 (1678179055335)
2023-12-03 14:35:37,971 [FATAL] Updater:308 - Updater called before beeing initialized
2023-12-03 14:35:38,020 [WARN] DetailPanel:346 - Failed to get advertising image, set to default
2023-12-03 14:35:38,106 [FATAL] Updater:308 - Updater called before beeing initialized
2023-12-03 14:35:38,110 [FATAL] Updater:308 - Updater called before beeing initialized
2023-12-03 14:35:38,110 [FATAL] Updater:308 - Updater called before beeing initialized
2023-12-03 14:35:38,110 [WARN] DetailPanel:346 - Failed to get advertising image, set to default
2023-12-03 14:35:38,112 [FATAL] Updater:308 - Updater called before beeing initialized
2023-12-03 14:35:38,168 [ERROR] Updater:1120 - MainUpdater not yet initialized. External WinMGr cannot be set.
2023-12-03 14:35:38,208 [INFO] Updater:1056 - Updater Version found : 6.9.1
2023-12-03 14:35:38,221 [INFO] ApplicationProperties:184 - Using Application install path: /Applications/STM32CubeIDE.app/Contents/Eclipse/plugins/com.st.stm32cube.common.mx_6.9.1.202307191849
2023-12-03 14:35:38,539 [INFO] MainUpdater:2868 - connection check result : 10
2023-12-03 14:35:38,541 [INFO] MainUpdater:285 - Updater Check For Update Now.
2023-12-03 14:35:38,541 [INFO] MicroXplorer:498 - Change Database Version : DB.6.0.91
2023-12-03 14:35:38,550 [INFO] McuFinderGlobals:63 - Set McuFinder mode to 2 (CubeIDE integrated)
2023-12-03 14:35:38,794 [INFO] CheckServerUpdateThread:120 - End of CheckServer Thread
2023-12-03 14:35:39,235 [WARN] PackLoader:240 - Cannot read IP mode file for STMicroelectronics.X-CUBE-SMBUS.2.1.0
2023-12-03 14:35:39,337 [WARN] PackLoader:240 - Cannot read IP mode file for STMicroelectronics.X-CUBE-AZRTOS-F7.1.1.0
2023-12-03 14:35:39,377 [WARN] PackLoader:240 - Cannot read IP mode file for STMicroelectronics.FP-SNS-MOTENV1.4.3.2
2023-12-03 14:35:39,399 [WARN] PackLoader:240 - Cannot read IP mode file for STMicroelectronics.FP-SNS-FLIGHT1.5.0.2
2023-12-03 14:35:39,418 [WARN] PackLoader:240 - Cannot read IP mode file for STMicroelectronics.X-CUBE-DISPLAY.3.0.0
2023-12-03 14:35:39,453 [WARN] PackLoader:240 - Cannot read IP mode file for STMicroelectronics.X-CUBE-BLE1.7.0.0
2023-12-03 14:35:39,477 [WARN] PackLoader:240 - Cannot read IP mode file for emotas.I-CUBE-CANOPEN.1.3.0
2023-12-03 14:35:39,488 [WARN] PackLoader:240 - Cannot read IP mode file for STMicroelectronics.X-CUBE-TOUCHGFX.4.22.0
2023-12-03 14:35:39,493 [WARN] PackLoader:240 - Cannot read IP mode file for STMicroelectronics.X-CUBE-TOUCHGFX.4.22.1
2023-12-03 14:35:39,502 [WARN] PackLoader:240 - Cannot read IP mode file for STMicroelectronics.FP-SNS-SMARTAG2.1.2.0
2023-12-03 14:35:39,521 [INFO] LogOutputStream:77 - [STDOUT_REDIRECT] 1 : Invalid condition id : UX_CORESTACK_Condition cause : null
2023-12-03 14:35:39,523 [INFO] LogOutputStream:77 - [STDOUT_REDIRECT] 1 : Invalid condition id : UX_CORESTACK_Condition cause : null
2023-12-03 14:35:39,523 [INFO] LogOutputStream:77 - [STDOUT_REDIRECT] 1 : Invalid condition id : UX_CORESTACK_Condition cause : null
2023-12-03 14:35:39,523 [INFO] LogOutputStream:77 - [STDOUT_REDIRECT] 1 : Invalid condition id : UX_CORESTACK_Condition cause : null
2023-12-03 14:35:39,523 [INFO] LogOutputStream:77 - [STDOUT_REDIRECT] 1 : Invalid condition id : UX_CORESTACK_Condition cause : null
2023-12-03 14:35:39,534 [WARN] PackLoader:240 - Cannot read IP mode file for STMicroelectronics.X-CUBE-AZRTOS-WL.2.0.0
2023-12-03 14:35:39,563 [WARN] PackLoader:240 - Cannot read IP mode file for WES.I-CUBE-Cesium.1.3.0
2023-12-03 14:35:39,573 [WARN] PackLoader:240 - Cannot read IP mode file for STMicroelectronics.X-CUBE-BLE2.3.3.0
2023-12-03 14:35:39,594 [WARN] PackLoader:240 - Cannot read IP mode file for STMicroelectronics.X-CUBE-ALGOBUILD.1.3.0
2023-12-03 14:35:39,624 [WARN] PackLoader:240 - Cannot read IP mode file for STMicroelectronics.X-CUBE-AZRTOS-G0.1.1.0
2023-12-03 14:35:39,648 [WARN] PackLoader:240 - Cannot read IP mode file for STMicroelectronics.X-CUBE-NFC4.3.0.0
2023-12-03 14:35:39,689 [WARN] PackLoader:240 - Cannot read IP mode file for STMicroelectronics.X-CUBE-BLEMGR.3.0.0
2023-12-03 14:35:39,708 [WARN] PackLoader:240 - Cannot read IP mode file for STMicroelectronics.FP-ATR-SIGFOX1.3.2.0
2023-12-03 14:35:39,785 [WARN] PackLoader:240 - Cannot read IP mode file for SEGGER.I-CUBE-embOS.1.3.1
2023-12-03 14:35:39,863 [WARN] PackLoader:240 - Cannot read IP mode file for STMicroelectronics.X-CUBE-GNSS1.6.0.0
2023-12-03 14:35:39,895 [WARN] PackLoader:240 - Cannot read IP mode file for STMicroelectronics.X-CUBE-AZRTOS-F4.1.1.0
2023-12-03 14:35:39,912 [WARN] PackLoader:240 - Cannot read IP mode file for wolfSSL.I-CUBE-wolfSSL.5.6.3
2023-12-03 14:35:39,956 [WARN] PackLoader:240 - Cannot read IP mode file for STMicroelectronics.X-CUBE-AZRTOS-L5.2.0.0
2023-12-03 14:35:40,093 [WARN] PackLoader:240 - Cannot read IP mode file for STMicroelectronics.X-CUBE-MEMS1.9.6.0
2023-12-03 14:35:40,303 [WARN] PackLoader:240 - Cannot read IP mode file for STMicroelectronics.X-CUBE-EEPRMA1.4.2.0
2023-12-03 14:35:40,323 [WARN] PackLoader:240 - Cannot read IP mode file for ITTIA_DB.I-CUBE-ITTIADB.8.8.0
2023-12-03 14:35:40,346 [WARN] PackLoader:240 - Cannot read IP mode file for STMicroelectronics.X-CUBE-BLEMGR.2.0.0
2023-12-03 14:35:40,397 [WARN] ConditionMgr:438 - getConditionDescription Invalid condition id : UX DEVICE CLASS RTOS Condition cause : null
2023-12-03 14:35:40,398 [WARN] ConditionMgr:438 - getConditionDescription Invalid condition id : UX DEVICE CLASS RTOS Condition cause : null
2023-12-03 14:35:40,416 [WARN] PackLoader:240 - Cannot read IP mode file for STMicroelectronics.X-CUBE-AZRTOS-H7.3.1.0
2023-12-03 14:35:40,422 [WARN] ConditionMgr:1039 - genDependencies : Invalid condition id : UX DEVICE CLASS RTOS Condition cause : null
2023-12-03 14:35:40,423 [WARN] ConditionMgr:1039 - genDependencies : Invalid condition id : UX DEVICE CLASS RTOS Condition cause : null
2023-12-03 14:35:40,425 [WARN] ConditionMgr:1039 - genDependencies : Invalid condition id : UX DEVICE CLASS RTOS Condition cause : null
2023-12-03 14:35:40,427 [WARN] ConditionMgr:1039 - genDependencies : Invalid condition id : UX DEVICE CLASS RTOS Condition cause : null
2023-12-03 14:35:40,427 [WARN] ConditionMgr:1039 - genDependencies : Invalid condition id : UX DEVICE CLASS RTOS Condition cause : null
2023-12-03 14:35:40,456 [WARN] PackLoader:240 - Cannot read IP mode file for STMicroelectronics.X-CUBE-NFC7.1.0.1
2023-12-03 14:35:40,507 [WARN] PackLoader:240 - Cannot read IP mode file for STMicroelectronics.X-CUBE-NFC6.3.0.0
2023-12-03 14:35:40,538 [WARN] PackLoader:240 - Cannot read IP mode file for STMicroelectronics.X-CUBE-EEPRMA1.4.1.0
2023-12-03 14:35:40,551 [WARN] PackLoader:240 - Cannot read IP mode file for STMicroelectronics.X-CUBE-AI.8.1.0
2023-12-03 14:35:40,601 [WARN] ConditionMgr:438 - getConditionDescription Invalid condition id : LAN8742 Phy interface Condition cause : null
2023-12-03 14:35:40,603 [WARN] PackLoader:240 - Cannot read IP mode file for STMicroelectronics.X-CUBE-AZRTOS-L4.2.0.0
2023-12-03 14:35:40,613 [WARN] ConditionMgr:1039 - genDependencies : Invalid condition id : LAN8742 Phy interface Condition cause : null
2023-12-03 14:35:40,615 [WARN] ConditionMgr:1039 - genDependencies : Invalid condition id : LAN8742 Phy interface Condition cause : null
2023-12-03 14:35:40,617 [WARN] ConditionMgr:1039 - genDependencies : Invalid condition id : LAN8742 Phy interface Condition cause : null
2023-12-03 14:35:40,687 [WARN] PackLoader:240 - Cannot read IP mode file for STMicroelectronics.X-CUBE-SFXS2LP1.4.0.0
2023-12-03 14:35:40,696 [WARN] PackLoader:240 - Cannot read IP mode file for STMicroelectronics.X-CUBE-ISPU.1.1.0
2023-12-03 14:35:40,711 [WARN] ConditionMgr:438 - getConditionDescription Invalid condition id : UX DEVICE CLASS RTOS Condition cause : null
2023-12-03 14:35:40,712 [WARN] ConditionMgr:438 - getConditionDescription Invalid condition id : UX DEVICE CLASS RTOS Condition cause : null
2023-12-03 14:35:40,717 [WARN] PackLoader:240 - Cannot read IP mode file for STMicroelectronics.X-CUBE-AZRTOS-WB.2.0.0
2023-12-03 14:35:40,721 [WARN] ConditionMgr:1039 - genDependencies : Invalid condition id : UX DEVICE CLASS RTOS Condition cause : null
2023-12-03 14:35:40,721 [WARN] ConditionMgr:1039 - genDependencies : Invalid condition id : UX DEVICE CLASS RTOS Condition cause : null
2023-12-03 14:35:40,722 [WARN] ConditionMgr:1039 - genDependencies : Invalid condition id : UX DEVICE CLASS RTOS Condition cause : null
2023-12-03 14:35:40,723 [WARN] ConditionMgr:1039 - genDependencies : Invalid condition id : UX DEVICE CLASS RTOS Condition cause : null
2023-12-03 14:35:40,723 [WARN] ConditionMgr:1039 - genDependencies : Invalid condition id : UX DEVICE CLASS RTOS Condition cause : null
2023-12-03 14:35:40,749 [WARN] PackLoader:240 - Cannot read IP mode file for STMicroelectronics.X-CUBE-SUBG2.5.0.0
2023-12-03 14:35:40,785 [WARN] PackLoader:240 - Cannot read IP mode file for STMicroelectronics.X-CUBE-TOF1.3.3.1
2023-12-03 14:35:40,838 [WARN] PackLoader:240 - Cannot read IP mode file for STMicroelectronics.X-CUBE-AZRTOS-G4.2.0.0
2023-12-03 14:35:40,875 [WARN] PackLoader:240 - Cannot read IP mode file for Infineon.AIROC-Wi-Fi-Bluetooth-STM32.1.5.1
2023-12-03 14:35:40,902 [WARN] PackLoader:240 - Cannot read IP mode file for STMicroelectronics.FP-SNS-MOTENVWB1.1.3.0
2023-12-03 14:35:40,998 [WARN] PackLoader:240 - Cannot read IP mode file for STMicroelectronics.X-CUBE-MEMS1.10.0.0
2023-12-03 14:35:41,195 [WARN] PackLoader:240 - Cannot read IP mode file for STMicroelectronics.X-CUBE-FREERTOS.1.1.0
2023-12-03 14:35:41,208 [WARN] PackLoader:240 - Cannot read IP mode file for portGmbH.I-Cube-SoM-uGOAL.1.1.0
2023-12-03 14:35:41,213 [WARN] PackLoader:240 - Cannot read IP mode file for STMicroelectronics.X-CUBE-ALS.1.0.1
2023-12-03 14:35:41,218 [WARN] PackLoader:240 - Cannot read IP mode file for STMicroelectronics.FP-ATR-ASTRA1.2.0.0
2023-12-03 14:35:41,231 [WARN] PackLoader:240 - Cannot read IP mode file for STMicroelectronics.X-CUBE-TOF1.3.4.0
2023-12-03 14:35:41,246 [INFO] ThirdParty:978 - Integrity check success = true
2023-12-03 14:35:41,247 [INFO] IntegrityCheckThread:100 - exiting critical section [integrity check]
2023-12-03 14:35:41,248 [INFO] IntegrityCheckThread:103 - End integrity checks thread
2023-12-03 14:35:59,504 [ERROR] LogOutputStream:75 - [STDERR_REDIRECT] SLF4J: Failed to load class "org.slf4j.impl.StaticLoggerBinder".
2023-12-03 14:35:59,506 [ERROR] LogOutputStream:75 - [STDERR_REDIRECT] SLF4J: Defaulting to no-operation (NOP) logger implementation
2023-12-03 14:35:59,507 [ERROR] LogOutputStream:75 - [STDERR_REDIRECT] SLF4J: See http://www.slf4j.org/codes.html#StaticLoggerBinder for further details.
