2023-11-30 18:46:34,709 [INFO] Activator:176 - 


2023-11-30 18:46:34,711 [INFO] Activator:177 - !SESSION log4j initialized
2023-11-30 18:46:35,983 [ERROR] LogOutputStream:75 - [STDERR_REDIRECT] 
2023-11-30 18:46:38,089 [INFO] LogOutputStream:77 - [STDOUT_REDIRECT] 
2023-11-30 18:46:40,269 [INFO] ApplicationProperties:184 - Using Application install path: /Applications/STM32CubeIDE.app/Contents/Eclipse/plugins/com.st.stm32cube.common.mx_6.9.1.202307191849
2023-11-30 18:46:40,285 [INFO] DbMcusXml:78 - Set database path to: /Applications/STM32CubeIDE.app/Contents/Eclipse/plugins/com.st.stm32cube.common.mx_6.9.1.202307191849//db//mcu/
2023-11-30 18:46:40,285 [INFO] ApiDb:274 - Set plugin database path to: /Applications/STM32CubeIDE.app/Contents/Eclipse/plugins/com.st.stm32cube.common.mx_6.9.1.202307191849//db//plugins/boardmanager/
2023-11-30 18:46:40,287 [WARN] ApiDb:259 - Overriding images path with different value:  => /Applications/STM32CubeIDE.app/Contents/Eclipse/plugins/com.st.stm32cube.common.mx_6.9.1.202307191849//db//plugins/mcufinder/images/
2023-11-30 18:46:40,298 [INFO] ApiDb:250 - Set database path to: /Users/evanrobert/.stmcufinder/plugins/mcufinder//mcu/
2023-11-30 18:46:40,299 [INFO] DbMcusAds:125 - Set database path to: /Users/evanrobert/.stmcufinder/plugins/mcufinder//mcu/
2023-11-30 18:46:40,301 [INFO] CrossReferenceDbSqlite:203 - Set database path to: /Users/evanrobert/.stmcufinder/plugins/mcufinder//mcu/cs/
2023-11-30 18:46:40,427 [INFO] RulesReader:64 - Compatibility file has been processed (293 Rules)
2023-11-30 18:46:40,496 [INFO] DbMcusXml:78 - Set database path to: /Applications/STM32CubeIDE.app/Contents/Eclipse/plugins/com.st.stm32cube.common.mx_6.9.1.202307191849//db//mcu/
2023-11-30 18:46:40,496 [INFO] ApiDb:274 - Set plugin database path to: /Applications/STM32CubeIDE.app/Contents/Eclipse/plugins/com.st.stm32cube.common.mx_6.9.1.202307191849//db//plugins/boardmanager/
2023-11-30 18:46:40,497 [INFO] ApiDb:261 - Set plugin images path to: /Applications/STM32CubeIDE.app/Contents/Eclipse/plugins/com.st.stm32cube.common.mx_6.9.1.202307191849//db//plugins/mcufinder/images/
2023-11-30 18:46:40,498 [WARN] DbFile:41 - Overriding database path with different value: /Users/evanrobert/.stmcufinder/plugins/mcufinder/ => /Users/evanrobert/.stmcufinder/plugins/mcufinder
2023-11-30 18:46:40,498 [INFO] ApiDb:250 - Set database path to: /Users/evanrobert/.stmcufinder/plugins/mcufinder//mcu/
2023-11-30 18:46:40,498 [WARN] DbFile:41 - Overriding database path with different value: /Users/evanrobert/.stmcufinder/plugins/mcufinder/ => /Users/evanrobert/.stmcufinder/plugins/mcufinder
2023-11-30 18:46:40,498 [INFO] DbMcusAds:125 - Set database path to: /Users/evanrobert/.stmcufinder/plugins/mcufinder//mcu/
2023-11-30 18:46:40,498 [WARN] DbFile:41 - Overriding database path with different value: /Users/evanrobert/.stmcufinder/plugins/mcufinder/ => /Users/evanrobert/.stmcufinder/plugins/mcufinder
2023-11-30 18:46:40,498 [WARN] DbFile:41 - Overriding database path with different value: /Users/evanrobert/.stmcufinder/plugins/mcufinder/ => /Users/evanrobert/.stmcufinder/plugins/mcufinder
2023-11-30 18:46:40,498 [INFO] CrossReferenceDbSqlite:203 - Set database path to: /Users/evanrobert/.stmcufinder/plugins/mcufinder//mcu/cs/
2023-11-30 18:46:40,672 [INFO] MainPanel:262 - HeapMemory: 276824064
2023-11-30 18:46:40,770 [INFO] DbMcusXml:78 - Set database path to: /Applications/STM32CubeIDE.app/Contents/Eclipse/plugins/com.st.stm32cube.common.mx_6.9.1.202307191849//db//mcu/
2023-11-30 18:46:40,771 [INFO] ApiDb:274 - Set plugin database path to: /Applications/STM32CubeIDE.app/Contents/Eclipse/plugins/com.st.stm32cube.common.mx_6.9.1.202307191849//db//plugins/boardmanager/
2023-11-30 18:46:40,772 [INFO] ApiDb:261 - Set plugin images path to: /Applications/STM32CubeIDE.app/Contents/Eclipse/plugins/com.st.stm32cube.common.mx_6.9.1.202307191849//db//plugins/mcufinder/images/
2023-11-30 18:46:40,773 [WARN] DbFile:41 - Overriding database path with different value: /Users/evanrobert/.stmcufinder/plugins/mcufinder/ => /Users/evanrobert/.stmcufinder/plugins/mcufinder
2023-11-30 18:46:40,773 [INFO] ApiDb:250 - Set database path to: /Users/evanrobert/.stmcufinder/plugins/mcufinder//mcu/
2023-11-30 18:46:40,773 [WARN] DbFile:41 - Overriding database path with different value: /Users/evanrobert/.stmcufinder/plugins/mcufinder/ => /Users/evanrobert/.stmcufinder/plugins/mcufinder
2023-11-30 18:46:40,773 [INFO] DbMcusAds:125 - Set database path to: /Users/evanrobert/.stmcufinder/plugins/mcufinder//mcu/
2023-11-30 18:46:40,773 [WARN] DbFile:41 - Overriding database path with different value: /Users/evanrobert/.stmcufinder/plugins/mcufinder/ => /Users/evanrobert/.stmcufinder/plugins/mcufinder
2023-11-30 18:46:40,774 [WARN] DbFile:41 - Overriding database path with different value: /Users/evanrobert/.stmcufinder/plugins/mcufinder/ => /Users/evanrobert/.stmcufinder/plugins/mcufinder
2023-11-30 18:46:40,774 [INFO] CrossReferenceDbSqlite:203 - Set database path to: /Users/evanrobert/.stmcufinder/plugins/mcufinder//mcu/cs/
2023-11-30 18:46:40,808 [INFO] ApplicationProperties:184 - Using Application install path: /Applications/STM32CubeIDE.app/Contents/Eclipse/plugins/com.st.stm32cube.common.mx_6.9.1.202307191849
2023-11-30 18:46:40,809 [INFO] PluginManage:196 - Search for loadable plugins [exclusion list=, ]
2023-11-30 18:46:40,811 [INFO] PluginManage:310 - Check plugin analytics
2023-11-30 18:46:41,138 [INFO] AnalyticsPlugin:253 - Accepted Software Licenses: 
2023-11-30 18:46:41,138 [INFO] AnalyticsPlugin:255 - Accepted CMSIS Pack Licenses: 
2023-11-30 18:46:41,139 [INFO] AnalyticsPlugin:257 - Accepted Firmware Licenses: FW.F4.1.27.0
2023-11-30 18:46:41,148 [INFO] PluginManage:359 - Loaded plugin analytics (category:tool,tabindex:-1)
2023-11-30 18:46:41,154 [INFO] PluginManage:310 - Check plugin cadmodel
2023-11-30 18:46:41,325 [INFO] CADModel:105 - Init CAD model plugin
2023-11-30 18:46:41,327 [INFO] PluginManage:359 - Loaded plugin cadmodel (category:power,tabindex:5)
2023-11-30 18:46:41,329 [INFO] PluginManage:310 - Check plugin clock
2023-11-30 18:46:41,343 [INFO] PluginManage:359 - Loaded plugin clock (category:base,tabindex:2)
2023-11-30 18:46:41,344 [INFO] PluginManage:310 - Check plugin ddr
2023-11-30 18:46:41,348 [INFO] PluginManage:359 - Loaded plugin ddr (category:tool,tabindex:6)
2023-11-30 18:46:41,349 [INFO] PluginManage:310 - Check plugin filemanager
2023-11-30 18:46:41,513 [INFO] PluginManage:359 - Loaded plugin filemanager (category:base,tabindex:10)
2023-11-30 18:46:41,514 [INFO] PluginManage:310 - Check plugin ipmanager
2023-11-30 18:46:41,521 [INFO] PluginManage:359 - Loaded plugin ipmanager (category:base,tabindex:5)
2023-11-30 18:46:41,522 [INFO] PluginManage:310 - Check plugin lpbam
2023-11-30 18:46:41,529 [INFO] PluginManage:359 - Loaded plugin lpbam (category:base,tabindex:0)
2023-11-30 18:46:41,530 [INFO] PluginManage:310 - Check plugin memorymap
2023-11-30 18:46:41,540 [INFO] PluginManage:359 - Loaded plugin memorymap (category:base,tabindex:4)
2023-11-30 18:46:41,540 [INFO] PluginManage:310 - Check plugin pinoutandconfiguration
2023-11-30 18:46:41,545 [INFO] PluginManage:359 - Loaded plugin pinoutandconfiguration (category:base,tabindex:1)
2023-11-30 18:46:41,545 [INFO] PluginManage:310 - Check plugin pinoutconfig
2023-11-30 18:46:41,633 [WARN] SupportedApi:132 - Cannot load RTOS API schema: s4s-elt-must-match.1: The content of 'definitions' must match (annotation?, (simpleType | complexType)?, (unique | key | keyref)*)). A problem was found starting at: attribute.
2023-11-30 18:46:41,954 [INFO] PluginManage:359 - Loaded plugin pinoutconfig (category:base,tabindex:0)
2023-11-30 18:46:41,955 [INFO] PluginManage:310 - Check plugin power
2023-11-30 18:46:41,981 [INFO] PluginManage:359 - Loaded plugin power (category:power,tabindex:4)
2023-11-30 18:46:41,981 [INFO] PluginManage:310 - Check plugin projectmanager
2023-11-30 18:46:42,015 [INFO] PluginManage:359 - Loaded plugin projectmanager (category:projectmanager,tabindex:3)
2023-11-30 18:46:42,015 [INFO] PluginManage:310 - Check plugin thirdparty
2023-11-30 18:46:42,188 [INFO] PluginManage:359 - Loaded plugin thirdparty (category:base,tabindex:-1)
2023-11-30 18:46:42,188 [INFO] PluginManage:310 - Check plugin tools
2023-11-30 18:46:42,188 [WARN] IntegrityCheckThread:84 - waiting for thirdparty lock release [integrity check]
2023-11-30 18:46:42,189 [INFO] IntegrityCheckThread:86 - entering critical section [integrity check]
2023-11-30 18:46:42,190 [INFO] ThirdPartyUpdaterWithRetryManager:70 - Updater plugin not ready yet. [1/15]
2023-11-30 18:46:42,190 [INFO] PluginManage:359 - Loaded plugin tools (category:base,tabindex:7)
2023-11-30 18:46:42,191 [INFO] PluginManage:310 - Check plugin tutovideos
2023-11-30 18:46:42,418 [INFO] PluginManage:359 - Loaded plugin tutovideos (category:base,tabindex:-1)
2023-11-30 18:46:42,421 [INFO] PluginManage:310 - Check plugin updater
2023-11-30 18:46:42,461 [INFO] PluginManage:359 - Loaded plugin updater (category:base,tabindex:12)
2023-11-30 18:46:42,462 [INFO] PluginManage:310 - Check plugin userauth
2023-11-30 18:46:42,474 [INFO] UserAuth:113 - Init User Auth plugin
2023-11-30 18:46:42,474 [INFO] PluginManage:359 - Loaded plugin userauth (category:base,tabindex:14)
2023-11-30 18:46:42,475 [INFO] PluginManage:283 - PluginManage : Loaded plugins [17]
2023-11-30 18:46:42,779 [INFO] PinOutPanel:1499 - setPackage(No Configuration,No Configuration)
2023-11-30 18:46:42,908 [INFO] CADModel:165 - CPN selected for project level
2023-11-30 18:46:42,908 [INFO] CADModel:114 - Register for checkConnection events
2023-11-30 18:46:42,923 [INFO] IPUIPlugin:80 - create IPUIPlugin
2023-11-30 18:46:42,923 [INFO] PluginManager:220 - loadIPPluginJar : add mdma
2023-11-30 18:46:42,930 [INFO] IPUIPlugin:80 - create IPUIPlugin
2023-11-30 18:46:42,931 [INFO] PluginManager:220 - loadIPPluginJar : add freertos
2023-11-30 18:46:42,935 [INFO] IPUIPlugin:80 - create IPUIPlugin
2023-11-30 18:46:42,935 [INFO] PluginManager:220 - loadIPPluginJar : add gic
2023-11-30 18:46:42,945 [INFO] IPUIPlugin:80 - create IPUIPlugin
2023-11-30 18:46:42,945 [INFO] PluginManager:220 - loadIPPluginJar : add adc
2023-11-30 18:46:42,948 [INFO] IPUIPlugin:80 - create IPUIPlugin
2023-11-30 18:46:42,949 [INFO] PluginManager:220 - loadIPPluginJar : add gtzc
2023-11-30 18:46:42,951 [INFO] IPUIPlugin:80 - create IPUIPlugin
2023-11-30 18:46:42,951 [INFO] PluginManager:220 - loadIPPluginJar : add quadspi
2023-11-30 18:46:42,955 [INFO] IPUIPlugin:80 - create IPUIPlugin
2023-11-30 18:46:42,955 [INFO] PluginManager:220 - loadIPPluginJar : add aes
2023-11-30 18:46:42,959 [INFO] IPUIPlugin:80 - create IPUIPlugin
2023-11-30 18:46:42,959 [INFO] PluginManager:220 - loadIPPluginJar : add pdm2pcm
2023-11-30 18:46:42,962 [INFO] IPUIPlugin:80 - create IPUIPlugin
2023-11-30 18:46:42,962 [INFO] PluginManager:220 - loadIPPluginJar : add hash
2023-11-30 18:46:42,964 [INFO] IPUIPlugin:80 - create IPUIPlugin
2023-11-30 18:46:42,965 [INFO] PluginManager:220 - loadIPPluginJar : add tim
2023-11-30 18:46:42,966 [INFO] IPUIPlugin:80 - create IPUIPlugin
2023-11-30 18:46:42,966 [INFO] PluginManager:220 - loadIPPluginJar : add tsc
2023-11-30 18:46:42,968 [INFO] IPUIPlugin:80 - create IPUIPlugin
2023-11-30 18:46:42,968 [INFO] PluginManager:220 - loadIPPluginJar : add ts
2023-11-30 18:46:42,970 [INFO] IPUIPlugin:80 - create IPUIPlugin
2023-11-30 18:46:42,970 [INFO] PluginManager:220 - loadIPPluginJar : add can
2023-11-30 18:46:42,971 [INFO] IPUIPlugin:80 - create IPUIPlugin
2023-11-30 18:46:42,972 [INFO] PluginManager:220 - loadIPPluginJar : add dma3
2023-11-30 18:46:42,973 [INFO] IPUIPlugin:80 - create IPUIPlugin
2023-11-30 18:46:42,973 [INFO] PluginManager:220 - loadIPPluginJar : add dfsdm
2023-11-30 18:46:42,975 [INFO] IPUIPlugin:80 - create IPUIPlugin
2023-11-30 18:46:42,975 [INFO] PluginManager:220 - loadIPPluginJar : add spi
2023-11-30 18:46:42,977 [INFO] IPUIPlugin:80 - create IPUIPlugin
2023-11-30 18:46:42,977 [INFO] PluginManager:220 - loadIPPluginJar : add gfxmmu
2023-11-30 18:46:42,979 [INFO] IPUIPlugin:80 - create IPUIPlugin
2023-11-30 18:46:42,979 [INFO] PluginManager:220 - loadIPPluginJar : add genericplugin
2023-11-30 18:46:42,981 [INFO] IPUIPlugin:80 - create IPUIPlugin
2023-11-30 18:46:42,981 [INFO] PluginManager:220 - loadIPPluginJar : add cryp
2023-11-30 18:46:42,983 [INFO] IPUIPlugin:80 - create IPUIPlugin
2023-11-30 18:46:42,983 [INFO] PluginManager:220 - loadIPPluginJar : add gpio
2023-11-30 18:46:42,986 [INFO] IPUIPlugin:80 - create IPUIPlugin
2023-11-30 18:46:42,986 [INFO] PluginManager:220 - loadIPPluginJar : add comp
2023-11-30 18:46:42,989 [INFO] IPUIPlugin:80 - create IPUIPlugin
2023-11-30 18:46:42,990 [INFO] PluginManager:220 - loadIPPluginJar : add tracer_emb
2023-11-30 18:46:42,992 [INFO] IPUIPlugin:80 - create IPUIPlugin
2023-11-30 18:46:42,992 [INFO] PluginManager:220 - loadIPPluginJar : add openamp
2023-11-30 18:46:42,996 [INFO] IPUIPlugin:80 - create IPUIPlugin
2023-11-30 18:46:42,996 [INFO] PluginManager:220 - loadIPPluginJar : add stm32_wpan
2023-11-30 18:46:43,001 [INFO] IPUIPlugin:80 - create IPUIPlugin
2023-11-30 18:46:43,004 [INFO] PluginManager:220 - loadIPPluginJar : add plateformsettings
2023-11-30 18:46:43,007 [INFO] IPUIPlugin:80 - create IPUIPlugin
2023-11-30 18:46:43,007 [INFO] PluginManager:220 - loadIPPluginJar : add ipddr
2023-11-30 18:46:43,009 [INFO] IPUIPlugin:80 - create IPUIPlugin
2023-11-30 18:46:43,009 [INFO] PluginManager:220 - loadIPPluginJar : add usart
2023-11-30 18:46:43,010 [INFO] IPUIPlugin:80 - create IPUIPlugin
2023-11-30 18:46:43,010 [INFO] PluginManager:220 - loadIPPluginJar : add ltdc
2023-11-30 18:46:43,012 [INFO] IPUIPlugin:80 - create IPUIPlugin
2023-11-30 18:46:43,012 [INFO] PluginManager:220 - loadIPPluginJar : add nvic
2023-11-30 18:46:43,014 [INFO] IPUIPlugin:80 - create IPUIPlugin
2023-11-30 18:46:43,014 [INFO] PluginManager:220 - loadIPPluginJar : add fatfs
2023-11-30 18:46:43,018 [INFO] IPUIPlugin:80 - create IPUIPlugin
2023-11-30 18:46:43,018 [INFO] PluginManager:220 - loadIPPluginJar : add linkedlist
2023-11-30 18:46:43,021 [INFO] IPUIPlugin:80 - create IPUIPlugin
2023-11-30 18:46:43,022 [INFO] PluginManager:220 - loadIPPluginJar : add dma
2023-11-30 18:46:43,025 [INFO] IPUIPlugin:80 - create IPUIPlugin
2023-11-30 18:46:43,025 [INFO] PluginManager:220 - loadIPPluginJar : add fmc
2023-11-30 18:46:43,027 [INFO] IPUIPlugin:80 - create IPUIPlugin
2023-11-30 18:46:43,027 [INFO] PluginManager:220 - loadIPPluginJar : add i2s
2023-11-30 18:46:43,028 [INFO] IPUIPlugin:80 - create IPUIPlugin
2023-11-30 18:46:43,029 [INFO] PluginManager:220 - loadIPPluginJar : add ucpd
2023-11-30 18:46:43,031 [INFO] IPUIPlugin:80 - create IPUIPlugin
2023-11-30 18:46:43,031 [INFO] PluginManager:220 - loadIPPluginJar : add lorawan
2023-11-30 18:46:43,034 [INFO] IPUIPlugin:80 - create IPUIPlugin
2023-11-30 18:46:43,034 [INFO] PluginManager:220 - loadIPPluginJar : add opamp
2023-11-30 18:46:43,036 [INFO] IPUIPlugin:80 - create IPUIPlugin
2023-11-30 18:46:43,036 [INFO] PluginManager:220 - loadIPPluginJar : add i3c
2023-11-30 18:46:43,038 [INFO] IPUIPlugin:80 - create IPUIPlugin
2023-11-30 18:46:43,038 [INFO] PluginManager:220 - loadIPPluginJar : add touchsensing
2023-11-30 18:46:43,039 [INFO] IPUIPlugin:80 - create IPUIPlugin
2023-11-30 18:46:43,039 [INFO] PluginManager:220 - loadIPPluginJar : add i2c
2023-11-30 18:46:43,041 [INFO] IPUIPlugin:80 - create IPUIPlugin
2023-11-30 18:46:43,041 [INFO] PluginManager:220 - loadIPPluginJar : add resmgrutility
2023-11-30 18:46:43,043 [INFO] IPUIPlugin:80 - create IPUIPlugin
2023-11-30 18:46:43,043 [INFO] PluginManager:220 - loadIPPluginJar : add sai
2023-11-30 18:46:43,044 [INFO] IPUIPlugin:80 - create IPUIPlugin
2023-11-30 18:46:43,044 [INFO] PluginManager:220 - loadIPPluginJar : add usbx
2023-11-30 18:46:43,163 [INFO] CADModel:165 - CPN selected for project level
2023-11-30 18:46:43,163 [INFO] CADModel:114 - Register for checkConnection events
2023-11-30 18:46:43,163 [FATAL] Updater:308 - Updater called before beeing initialized
2023-11-30 18:46:43,163 [ERROR] CADModel:125 - Updater not yet initialized, retry later 
2023-11-30 18:46:43,372 [INFO] CADModel:165 - CPN selected for project level
2023-11-30 18:46:43,372 [INFO] CADModel:114 - Register for checkConnection events
2023-11-30 18:46:43,373 [FATAL] Updater:308 - Updater called before beeing initialized
2023-11-30 18:46:43,373 [ERROR] CADModel:125 - Updater not yet initialized, retry later 
2023-11-30 18:46:43,377 [FATAL] Updater:308 - Updater called before beeing initialized
2023-11-30 18:46:43,521 [FATAL] Updater:308 - Updater called before beeing initialized
2023-11-30 18:46:43,534 [INFO] DbMcusAds:53 - JSON generation date=Tue Mar 07 00:50:55 PST 2023 (1678179055335)
2023-11-30 18:46:43,535 [FATAL] Updater:308 - Updater called before beeing initialized
2023-11-30 18:46:43,586 [WARN] DetailPanel:346 - Failed to get advertising image, set to default
2023-11-30 18:46:43,666 [FATAL] Updater:308 - Updater called before beeing initialized
2023-11-30 18:46:43,669 [FATAL] Updater:308 - Updater called before beeing initialized
2023-11-30 18:46:43,669 [FATAL] Updater:308 - Updater called before beeing initialized
2023-11-30 18:46:43,669 [WARN] DetailPanel:346 - Failed to get advertising image, set to default
2023-11-30 18:46:43,670 [FATAL] Updater:308 - Updater called before beeing initialized
2023-11-30 18:46:43,728 [ERROR] Updater:1120 - MainUpdater not yet initialized. External WinMGr cannot be set.
2023-11-30 18:46:43,766 [INFO] Updater:1056 - Updater Version found : 6.9.1
2023-11-30 18:46:43,778 [INFO] ApplicationProperties:184 - Using Application install path: /Applications/STM32CubeIDE.app/Contents/Eclipse/plugins/com.st.stm32cube.common.mx_6.9.1.202307191849
2023-11-30 18:46:43,963 [INFO] MainUpdater:2868 - connection check result : 10
2023-11-30 18:46:43,965 [INFO] MainUpdater:285 - Updater Check For Update Now.
2023-11-30 18:46:43,966 [INFO] MicroXplorer:498 - Change Database Version : DB.6.0.91
2023-11-30 18:46:43,969 [INFO] McuFinderGlobals:63 - Set McuFinder mode to 2 (CubeIDE integrated)
2023-11-30 18:46:44,246 [INFO] CheckServerUpdateThread:120 - End of CheckServer Thread
2023-11-30 18:46:45,369 [WARN] PackLoader:240 - Cannot read IP mode file for STMicroelectronics.X-CUBE-SMBUS.2.1.0
2023-11-30 18:46:45,422 [WARN] PackLoader:240 - Cannot read IP mode file for STMicroelectronics.X-CUBE-AZRTOS-F7.1.1.0
2023-11-30 18:46:45,482 [WARN] PackLoader:240 - Cannot read IP mode file for STMicroelectronics.FP-SNS-MOTENV1.4.3.2
2023-11-30 18:46:45,503 [WARN] PackLoader:240 - Cannot read IP mode file for STMicroelectronics.FP-SNS-FLIGHT1.5.0.2
2023-11-30 18:46:45,523 [WARN] PackLoader:240 - Cannot read IP mode file for STMicroelectronics.X-CUBE-DISPLAY.3.0.0
2023-11-30 18:46:45,553 [WARN] PackLoader:240 - Cannot read IP mode file for STMicroelectronics.X-CUBE-BLE1.7.0.0
2023-11-30 18:46:45,576 [WARN] PackLoader:240 - Cannot read IP mode file for emotas.I-CUBE-CANOPEN.1.3.0
2023-11-30 18:46:45,586 [WARN] PackLoader:240 - Cannot read IP mode file for STMicroelectronics.X-CUBE-TOUCHGFX.4.22.0
2023-11-30 18:46:45,589 [WARN] PackLoader:240 - Cannot read IP mode file for STMicroelectronics.X-CUBE-TOUCHGFX.4.22.1
2023-11-30 18:46:45,599 [WARN] PackLoader:240 - Cannot read IP mode file for STMicroelectronics.FP-SNS-SMARTAG2.1.2.0
2023-11-30 18:46:45,614 [INFO] LogOutputStream:77 - [STDOUT_REDIRECT] 1 : Invalid condition id : UX_CORESTACK_Condition cause : null
2023-11-30 18:46:45,615 [INFO] LogOutputStream:77 - [STDOUT_REDIRECT] 1 : Invalid condition id : UX_CORESTACK_Condition cause : null
2023-11-30 18:46:45,615 [INFO] LogOutputStream:77 - [STDOUT_REDIRECT] 1 : Invalid condition id : UX_CORESTACK_Condition cause : null
2023-11-30 18:46:45,615 [INFO] LogOutputStream:77 - [STDOUT_REDIRECT] 1 : Invalid condition id : UX_CORESTACK_Condition cause : null
2023-11-30 18:46:45,615 [INFO] LogOutputStream:77 - [STDOUT_REDIRECT] 1 : Invalid condition id : UX_CORESTACK_Condition cause : null
2023-11-30 18:46:45,624 [WARN] PackLoader:240 - Cannot read IP mode file for STMicroelectronics.X-CUBE-AZRTOS-WL.2.0.0
2023-11-30 18:46:45,654 [WARN] PackLoader:240 - Cannot read IP mode file for WES.I-CUBE-Cesium.1.3.0
2023-11-30 18:46:45,671 [WARN] PackLoader:240 - Cannot read IP mode file for STMicroelectronics.X-CUBE-BLE2.3.3.0
2023-11-30 18:46:45,688 [WARN] PackLoader:240 - Cannot read IP mode file for STMicroelectronics.X-CUBE-ALGOBUILD.1.3.0
2023-11-30 18:46:45,722 [WARN] PackLoader:240 - Cannot read IP mode file for STMicroelectronics.X-CUBE-AZRTOS-G0.1.1.0
2023-11-30 18:46:45,749 [WARN] PackLoader:240 - Cannot read IP mode file for STMicroelectronics.X-CUBE-NFC4.3.0.0
2023-11-30 18:46:45,801 [WARN] PackLoader:240 - Cannot read IP mode file for STMicroelectronics.X-CUBE-BLEMGR.3.0.0
2023-11-30 18:46:45,832 [WARN] PackLoader:240 - Cannot read IP mode file for STMicroelectronics.FP-ATR-SIGFOX1.3.2.0
2023-11-30 18:46:45,957 [WARN] PackLoader:240 - Cannot read IP mode file for SEGGER.I-CUBE-embOS.1.3.1
2023-11-30 18:46:46,106 [WARN] PackLoader:240 - Cannot read IP mode file for STMicroelectronics.X-CUBE-GNSS1.6.0.0
2023-11-30 18:46:46,142 [WARN] PackLoader:240 - Cannot read IP mode file for STMicroelectronics.X-CUBE-AZRTOS-F4.1.1.0
2023-11-30 18:46:46,154 [WARN] PackLoader:240 - Cannot read IP mode file for wolfSSL.I-CUBE-wolfSSL.5.6.3
2023-11-30 18:46:46,179 [WARN] PackLoader:240 - Cannot read IP mode file for STMicroelectronics.X-CUBE-AZRTOS-L5.2.0.0
2023-11-30 18:46:46,335 [WARN] PackLoader:240 - Cannot read IP mode file for STMicroelectronics.X-CUBE-MEMS1.9.6.0
2023-11-30 18:46:46,562 [WARN] PackLoader:240 - Cannot read IP mode file for STMicroelectronics.X-CUBE-EEPRMA1.4.2.0
2023-11-30 18:46:46,606 [WARN] PackLoader:240 - Cannot read IP mode file for ITTIA_DB.I-CUBE-ITTIADB.8.8.0
2023-11-30 18:46:46,618 [WARN] PackLoader:240 - Cannot read IP mode file for STMicroelectronics.X-CUBE-BLEMGR.2.0.0
2023-11-30 18:46:46,660 [WARN] ConditionMgr:438 - getConditionDescription Invalid condition id : UX DEVICE CLASS RTOS Condition cause : null
2023-11-30 18:46:46,661 [WARN] ConditionMgr:438 - getConditionDescription Invalid condition id : UX DEVICE CLASS RTOS Condition cause : null
2023-11-30 18:46:46,669 [WARN] PackLoader:240 - Cannot read IP mode file for STMicroelectronics.X-CUBE-AZRTOS-H7.3.1.0
2023-11-30 18:46:46,673 [WARN] ConditionMgr:1039 - genDependencies : Invalid condition id : UX DEVICE CLASS RTOS Condition cause : null
2023-11-30 18:46:46,673 [WARN] ConditionMgr:1039 - genDependencies : Invalid condition id : UX DEVICE CLASS RTOS Condition cause : null
2023-11-30 18:46:46,674 [WARN] ConditionMgr:1039 - genDependencies : Invalid condition id : UX DEVICE CLASS RTOS Condition cause : null
2023-11-30 18:46:46,675 [WARN] ConditionMgr:1039 - genDependencies : Invalid condition id : UX DEVICE CLASS RTOS Condition cause : null
2023-11-30 18:46:46,675 [WARN] ConditionMgr:1039 - genDependencies : Invalid condition id : UX DEVICE CLASS RTOS Condition cause : null
2023-11-30 18:46:46,695 [WARN] PackLoader:240 - Cannot read IP mode file for STMicroelectronics.X-CUBE-NFC7.1.0.1
2023-11-30 18:46:46,708 [WARN] PackLoader:240 - Cannot read IP mode file for STMicroelectronics.X-CUBE-NFC6.3.0.0
2023-11-30 18:46:46,757 [WARN] PackLoader:240 - Cannot read IP mode file for STMicroelectronics.X-CUBE-EEPRMA1.4.1.0
2023-11-30 18:46:46,767 [WARN] PackLoader:240 - Cannot read IP mode file for STMicroelectronics.X-CUBE-AI.8.1.0
2023-11-30 18:46:46,796 [WARN] ConditionMgr:438 - getConditionDescription Invalid condition id : LAN8742 Phy interface Condition cause : null
2023-11-30 18:46:46,797 [WARN] PackLoader:240 - Cannot read IP mode file for STMicroelectronics.X-CUBE-AZRTOS-L4.2.0.0
2023-11-30 18:46:46,807 [WARN] ConditionMgr:1039 - genDependencies : Invalid condition id : LAN8742 Phy interface Condition cause : null
2023-11-30 18:46:46,808 [WARN] ConditionMgr:1039 - genDependencies : Invalid condition id : LAN8742 Phy interface Condition cause : null
2023-11-30 18:46:46,809 [WARN] ConditionMgr:1039 - genDependencies : Invalid condition id : LAN8742 Phy interface Condition cause : null
2023-11-30 18:46:46,834 [WARN] PackLoader:240 - Cannot read IP mode file for STMicroelectronics.X-CUBE-SFXS2LP1.4.0.0
2023-11-30 18:46:46,845 [WARN] PackLoader:240 - Cannot read IP mode file for STMicroelectronics.X-CUBE-ISPU.1.1.0
2023-11-30 18:46:46,860 [WARN] ConditionMgr:438 - getConditionDescription Invalid condition id : UX DEVICE CLASS RTOS Condition cause : null
2023-11-30 18:46:46,861 [WARN] ConditionMgr:438 - getConditionDescription Invalid condition id : UX DEVICE CLASS RTOS Condition cause : null
2023-11-30 18:46:46,865 [WARN] PackLoader:240 - Cannot read IP mode file for STMicroelectronics.X-CUBE-AZRTOS-WB.2.0.0
2023-11-30 18:46:46,866 [WARN] ConditionMgr:1039 - genDependencies : Invalid condition id : UX DEVICE CLASS RTOS Condition cause : null
2023-11-30 18:46:46,866 [WARN] ConditionMgr:1039 - genDependencies : Invalid condition id : UX DEVICE CLASS RTOS Condition cause : null
2023-11-30 18:46:46,867 [WARN] ConditionMgr:1039 - genDependencies : Invalid condition id : UX DEVICE CLASS RTOS Condition cause : null
2023-11-30 18:46:46,868 [WARN] ConditionMgr:1039 - genDependencies : Invalid condition id : UX DEVICE CLASS RTOS Condition cause : null
2023-11-30 18:46:46,868 [WARN] ConditionMgr:1039 - genDependencies : Invalid condition id : UX DEVICE CLASS RTOS Condition cause : null
2023-11-30 18:46:46,888 [WARN] PackLoader:240 - Cannot read IP mode file for STMicroelectronics.X-CUBE-SUBG2.5.0.0
2023-11-30 18:46:46,916 [WARN] PackLoader:240 - Cannot read IP mode file for STMicroelectronics.X-CUBE-TOF1.3.3.1
2023-11-30 18:46:46,946 [WARN] PackLoader:240 - Cannot read IP mode file for STMicroelectronics.X-CUBE-AZRTOS-G4.2.0.0
2023-11-30 18:46:46,968 [WARN] PackLoader:240 - Cannot read IP mode file for Infineon.AIROC-Wi-Fi-Bluetooth-STM32.1.5.1
2023-11-30 18:46:46,976 [WARN] PackLoader:240 - Cannot read IP mode file for STMicroelectronics.FP-SNS-MOTENVWB1.1.3.0
2023-11-30 18:46:47,032 [WARN] PackLoader:240 - Cannot read IP mode file for STMicroelectronics.X-CUBE-MEMS1.10.0.0
2023-11-30 18:46:47,124 [WARN] PackLoader:240 - Cannot read IP mode file for STMicroelectronics.X-CUBE-FREERTOS.1.1.0
2023-11-30 18:46:47,134 [WARN] PackLoader:240 - Cannot read IP mode file for portGmbH.I-Cube-SoM-uGOAL.1.1.0
2023-11-30 18:46:47,138 [WARN] PackLoader:240 - Cannot read IP mode file for STMicroelectronics.X-CUBE-ALS.1.0.1
2023-11-30 18:46:47,141 [WARN] PackLoader:240 - Cannot read IP mode file for STMicroelectronics.FP-ATR-ASTRA1.2.0.0
2023-11-30 18:46:47,153 [WARN] PackLoader:240 - Cannot read IP mode file for STMicroelectronics.X-CUBE-TOF1.3.4.0
2023-11-30 18:46:47,172 [INFO] ThirdParty:978 - Integrity check success = true
2023-11-30 18:46:47,172 [INFO] IntegrityCheckThread:100 - exiting critical section [integrity check]
2023-11-30 18:46:47,172 [INFO] IntegrityCheckThread:103 - End integrity checks thread
2023-11-30 18:47:05,097 [ERROR] LogOutputStream:75 - [STDERR_REDIRECT] SLF4J: Failed to load class "org.slf4j.impl.StaticLoggerBinder".
2023-11-30 18:47:05,099 [ERROR] LogOutputStream:75 - [STDERR_REDIRECT] SLF4J: Defaulting to no-operation (NOP) logger implementation
2023-11-30 18:47:05,099 [ERROR] LogOutputStream:75 - [STDERR_REDIRECT] SLF4J: See http://www.slf4j.org/codes.html#StaticLoggerBinder for further details.
